#
# There is insufficient memory for the Java Runtime Environment to continue.
# Native memory allocation (mmap) failed to map 268435456 bytes for Failed to commit area from 0x0000000700a00000 to 0x0000000710a00000 of length 268435456.
# Possible reasons:
#   The system is out of physical RAM or swap space
#   The process is running with CompressedOops enabled, and the Java Heap may be blocking the growth of the native heap
# Possible solutions:
#   Reduce memory load on the system
#   Increase physical memory or swap space
#   Check if swap backing store is full
#   Decrease Java heap size (-Xmx/-Xms)
#   Decrease number of Java threads
#   Decrease Java thread stack sizes (-Xss)
#   Set larger code cache with -XX:ReservedCodeCacheSize=
# This output file may be truncated or incomplete.
#
#  Out of Memory Error (./src/hotspot/os/windows/os_windows.cpp:3386), pid=23896, tid=1104
#
# JRE version:  (11.0.18+10) (build )
# Java VM: OpenJDK 64-Bit Server VM (11.0.18+10, mixed mode, sharing, tiered, compressed oops, g1 gc, windows-amd64)
# No core dump will be written. Minidumps are not enabled by default on client versions of Windows
#

---------------  S U M M A R Y ------------

Command Line: -Dfile.encoding=UTF-8 main.Main

Host: Intel(R) Core(TM) i7-6700 CPU @ 3.40GHz, 8 cores, 15G,  Windows 11 , 64 bit Build 22000 (10.0.22000.1516)
Time: Fri Mar 10 18:00:03 2023  Windows 11 , 64 bit Build 22000 (10.0.22000.1516) elapsed time: 0.017131 seconds (0d 0h 0m 0s)

---------------  T H R E A D  ---------------

Current thread (0x00000287e3183000):  JavaThread "Unknown thread" [_thread_in_vm, id=1104, stack(0x000000aa41200000,0x000000aa41300000)]

Stack: [0x000000aa41200000,0x000000aa41300000]
Native frames: (J=compiled Java code, j=interpreted, Vv=VM code, C=native code)
V  [jvm.dll+0x64f2aa]
V  [jvm.dll+0x7e2769]
V  [jvm.dll+0x7e3e69]
V  [jvm.dll+0x7e4553]
V  [jvm.dll+0x26af95]
V  [jvm.dll+0x64c4c9]
V  [jvm.dll+0x640a25]
V  [jvm.dll+0x326c1c]
V  [jvm.dll+0x326aa2]
V  [jvm.dll+0x32b696]
V  [jvm.dll+0x3738c2]
V  [jvm.dll+0x373310]
V  [jvm.dll+0x3023c8]
V  [jvm.dll+0x3034c5]
V  [jvm.dll+0x7bb917]
V  [jvm.dll+0x7bd0df]
V  [jvm.dll+0x380c99]
V  [jvm.dll+0x79dc7f]
V  [jvm.dll+0x3f1dc7]
V  [jvm.dll+0x3f42b1]
C  [jli.dll+0x52c7]
C  [ucrtbase.dll+0x26c0c]
C  [KERNEL32.DLL+0x155a0]
C  [ntdll.dll+0x485b]


---------------  P R O C E S S  ---------------

Threads class SMR info:
_java_thread_list=0x00000287e0ee5810, length=0, elements={
}

Java Threads: ( => current thread )

Other Threads:
  0x00000287e319b800 GCTaskThread "GC Thread#0" [stack: 0x000000aa41300000,0x000000aa41400000] [id=22560]
  0x00000287e31fa000 ConcurrentGCThread "G1 Main Marker" [stack: 0x000000aa41400000,0x000000aa41500000] [id=24168]
  0x00000287e3202000 ConcurrentGCThread "G1 Conc#0" [stack: 0x000000aa41500000,0x000000aa41600000] [id=17460]

[error occurred during error reporting (printing all threads), id 0xc0000005, EXCEPTION_ACCESS_VIOLATION (0xc0000005) at pc=0x00007ffd4f1c2de7]

VM state:not at safepoint (not fully initialized)

VM Mutex/Monitor currently owned by a thread:  ([mutex/lock_event])
[0x00000287e317fec0] Heap_lock - owner thread: 0x00000287e3183000

Heap address: 0x0000000700a00000, size: 4086 MB, Compressed Oops mode: Non-zero based: 0x0000000700a00000
Narrow klass base: 0x0000000000000000, Narrow klass shift: 0

GC Heap History (0 events):
No events

Deoptimization events (0 events):
No events

Classes redefined (0 events):
No events

Internal exceptions (0 events):
No events

Events (1 events):
Event: 0.011 Loaded shared library C:\Program Files\Eclipse Adoptium\jdk-11.0.18.10-hotspot\bin\zip.dll


Dynamic libraries:
0x00007ff7b1a00000 - 0x00007ff7b1a0d000 	C:\Program Files\Eclipse Adoptium\jdk-11.0.18.10-hotspot\bin\javaw.exe
0x00007ffdb86a0000 - 0x00007ffdb88a9000 	C:\windows\SYSTEM32\ntdll.dll
0x00007ffdb6780000 - 0x00007ffdb683e000 	C:\windows\System32\KERNEL32.DLL
0x00007ffdb5e30000 - 0x00007ffdb61ac000 	C:\windows\System32\KERNELBASE.dll
0x00007ffdb5b70000 - 0x00007ffdb5c81000 	C:\windows\System32\ucrtbase.dll
0x00007ffd96210000 - 0x00007ffd96227000 	C:\Program Files\Eclipse Adoptium\jdk-11.0.18.10-hotspot\bin\jli.dll
0x00007ffdb2500000 - 0x00007ffdb2519000 	C:\Program Files\Eclipse Adoptium\jdk-11.0.18.10-hotspot\bin\VCRUNTIME140.dll
0x00007ffdb71a0000 - 0x00007ffdb734d000 	C:\windows\System32\USER32.dll
0x00007ffdb5c90000 - 0x00007ffdb5cb6000 	C:\windows\System32\win32u.dll
0x00007ffdb6520000 - 0x00007ffdb6549000 	C:\windows\System32\GDI32.dll
0x00007ffda5a20000 - 0x00007ffda5cc5000 	C:\windows\WinSxS\amd64_microsoft.windows.common-controls_6595b64144ccf1df_6.0.22000.120_none_9d947278b86cc467\COMCTL32.dll
0x00007ffdb6400000 - 0x00007ffdb6518000 	C:\windows\System32\gdi32full.dll
0x00007ffdb6360000 - 0x00007ffdb63fd000 	C:\windows\System32\msvcp_win.dll
0x00007ffdb65b0000 - 0x00007ffdb6653000 	C:\windows\System32\msvcrt.dll
0x00007ffdb7db0000 - 0x00007ffdb7de2000 	C:\windows\System32\IMM32.DLL
0x00007ffdb2470000 - 0x00007ffdb247c000 	C:\Program Files\Eclipse Adoptium\jdk-11.0.18.10-hotspot\bin\vcruntime140_1.dll
0x00007ffd8af60000 - 0x00007ffd8aff1000 	C:\Program Files\Eclipse Adoptium\jdk-11.0.18.10-hotspot\bin\msvcp140.dll
0x00007ffd4eeb0000 - 0x00007ffd4fa6a000 	C:\Program Files\Eclipse Adoptium\jdk-11.0.18.10-hotspot\bin\server\jvm.dll
0x00007ffdb7530000 - 0x00007ffdb75de000 	C:\windows\System32\ADVAPI32.dll
0x00007ffdb7350000 - 0x00007ffdb73ee000 	C:\windows\System32\sechost.dll
0x00007ffdb7070000 - 0x00007ffdb7190000 	C:\windows\System32\RPCRT4.dll
0x00007ffdb8650000 - 0x00007ffdb8658000 	C:\windows\System32\PSAPI.DLL
0x00007ffdaa260000 - 0x00007ffdaa293000 	C:\windows\SYSTEM32\WINMM.dll
0x00007ffd74120000 - 0x00007ffd74129000 	C:\windows\SYSTEM32\WSOCK32.dll
0x00007ffdaf910000 - 0x00007ffdaf91a000 	C:\windows\SYSTEM32\VERSION.dll
0x00007ffdb7000000 - 0x00007ffdb706f000 	C:\windows\System32\WS2_32.dll
0x00007ffdb4ce0000 - 0x00007ffdb4cf8000 	C:\windows\SYSTEM32\kernel.appcore.dll
0x00007ffdb2460000 - 0x00007ffdb2470000 	C:\Program Files\Eclipse Adoptium\jdk-11.0.18.10-hotspot\bin\verify.dll
0x00007ffda6120000 - 0x00007ffda6341000 	C:\windows\SYSTEM32\DBGHELP.DLL
0x00007ffda60a0000 - 0x00007ffda60d1000 	C:\windows\SYSTEM32\dbgcore.DLL
0x00007ffdb62e0000 - 0x00007ffdb635f000 	C:\windows\System32\bcryptPrimitives.dll
0x00007ffda1d60000 - 0x00007ffda1d88000 	C:\Program Files\Eclipse Adoptium\jdk-11.0.18.10-hotspot\bin\java.dll
0x00007ffdb2450000 - 0x00007ffdb245a000 	C:\Program Files\Eclipse Adoptium\jdk-11.0.18.10-hotspot\bin\jimage.dll
0x00007ffda1dc0000 - 0x00007ffda1dd8000 	C:\Program Files\Eclipse Adoptium\jdk-11.0.18.10-hotspot\bin\zip.dll

dbghelp: loaded successfully - version: 4.0.5 - missing functions: none
symbol engine: initialized successfully - sym options: 0x614 - pdb path: .;C:\Program Files\Eclipse Adoptium\jdk-11.0.18.10-hotspot\bin;C:\windows\SYSTEM32;C:\windows\WinSxS\amd64_microsoft.windows.common-controls_6595b64144ccf1df_6.0.22000.120_none_9d947278b86cc467;C:\Program Files\Eclipse Adoptium\jdk-11.0.18.10-hotspot\bin\server

VM Arguments:
jvm_args: -Dfile.encoding=UTF-8 
java_command: main.Main
java_class_path (initial): C:\Users\Administrator\eclipse-workspace\oracle\target\classes;C:\Users\Administrator\.p2\pool\plugins\junit-jupiter-api_5.9.1.jar;C:\Users\Administrator\.p2\pool\plugins\junit-jupiter-engine_5.9.1.jar;C:\Users\Administrator\.p2\pool\plugins\junit-jupiter-migrationsupport_5.9.1.jar;C:\Users\Administrator\.p2\pool\plugins\junit-jupiter-params_5.9.1.jar;C:\Users\Administrator\.p2\pool\plugins\junit-platform-commons_1.9.1.jar;C:\Users\Administrator\.p2\pool\plugins\junit-platform-engine_1.9.1.jar;C:\Users\Administrator\.p2\pool\plugins\junit-platform-launcher_1.9.1.jar;C:\Users\Administrator\.p2\pool\plugins\junit-platform-runner_1.9.1.jar;C:\Users\Administrator\.p2\pool\plugins\junit-platform-suite-api_1.9.1.jar;C:\Users\Administrator\.p2\pool\plugins\junit-platform-suite-engine_1.9.1.jar;C:\Users\Administrator\.p2\pool\plugins\junit-platform-suite-commons_1.9.1.jar;C:\Users\Administrator\.p2\pool\plugins\junit-vintage-engine_5.9.1.jar;C:\Users\Administrator\.p2\pool\plugins\org.opentest4j_1.2.0.jar;C:\Users\Administrator\.p2\pool\plugins\org.apiguardian.api_1.1.2.jar;C:\Users\Administrator\.p2\pool\plugins\org.junit_4.13.2.v20211018-1956.jar;C:\Users\Administrator\.p2\pool\plugins\org.hamcrest.core_1.3.0.v20180420-1519.jar;C:\Users\Administrator\.m2\repository\org\mybatis\mybatis\3.5.9\mybatis-3.5.9.jar;C:\Users\Administrator\.m2\repository\org\apache\commons\commons-dbcp2\2.9.0\commons-dbcp2-2.9.0.jar;C:\Users\Administrator\.m2\repository\org\apache\commons\commons-pool2\2.10.0\commons-pool2-2.10.0.jar;C:\Users\Administrator\.m2\repository\commons-logging\commons-logging\1.2\commons-logging-1.2.jar;C:\Users\Administrator\.m2\repository\com\oracle\ojdbc7\12.1.0.2\ojdbc7-12.1.0.2.jar;C:\Users\Administrator\.m2\repository\org\projectlombok\lombok\1.18.12\lombok-1.18.12.jar
Launcher Type: SUN_STANDARD

[Global flags]
     intx CICompilerCount                          = 4                                         {product} {ergonomic}
     uint ConcGCThreads                            = 2                                         {product} {ergonomic}
     uint G1ConcRefinementThreads                  = 8                                         {product} {ergonomic}
   size_t G1HeapRegionSize                         = 1048576                                   {product} {ergonomic}
    uintx GCDrainStackTargetSize                   = 64                                        {product} {ergonomic}
   size_t InitialHeapSize                          = 268435456                                 {product} {ergonomic}
   size_t MarkStackSize                            = 4194304                                   {product} {ergonomic}
   size_t MaxHeapSize                              = 4284481536                                {product} {ergonomic}
   size_t MinHeapDeltaBytes                        = 1048576                                   {product} {ergonomic}
    uintx NonNMethodCodeHeapSize                   = 5836300                                {pd product} {ergonomic}
    uintx NonProfiledCodeHeapSize                  = 122910970                              {pd product} {ergonomic}
    uintx ProfiledCodeHeapSize                     = 122910970                              {pd product} {ergonomic}
    uintx ReservedCodeCacheSize                    = 251658240                              {pd product} {ergonomic}
     bool SegmentedCodeCache                       = true                                      {product} {ergonomic}
     bool UseCompressedClassPointers               = true                                 {lp64_product} {ergonomic}
     bool UseCompressedOops                        = true                                 {lp64_product} {ergonomic}
     bool UseG1GC                                  = true                                      {product} {ergonomic}
     bool UseLargePagesIndividualAllocation        = false                                  {pd product} {ergonomic}

Logging:
Log output configuration:
 #0: stdout all=warning uptime,level,tags
 #1: stderr all=off uptime,level,tags

Environment Variables:
JAVA_HOME=C:\Program Files\Eclipse Adoptium\jdk-11.0.18.10-hotspot\
PATH=C:/Users/Administrator/.p2/pool/plugins/org.eclipse.justj.openjdk.hotspot.jre.full.win32.x86_64_17.0.6.v20230125-1136/jre/bin/server;C:/Users/Administrator/.p2/pool/plugins/org.eclipse.justj.openjdk.hotspot.jre.full.win32.x86_64_17.0.6.v20230125-1136/jre/bin;C:\Program Files\Eclipse Adoptium\jdk-11.0.18.10-hotspot\bin;C:\Program Files (x86)\Common Files\Oracle\Java\javapath;C:\Windows\system32;C:\Windows;C:\Windows\System32\Wbem;C:\Windows\System32\WindowsPowerShell\v1.0\;C:\Windows\System32\OpenSSH\;C:\Program Files\Bandizip\;C:\Program Files (x86)\NVIDIA Corporation\PhysX\Common;C:\Users\Administrator\AppData\Local\Microsoft\WindowsApps;C:\Users\Administrator\AppData\Local\GitHubDesktop\bin;C:\Users\Administrator\AppData\Local\Programs\Microsoft VS Code\bin;C:\Users\Administrator\Desktop;
USERNAME=PKNU
OS=Windows_NT
PROCESSOR_IDENTIFIER=Intel64 Family 6 Model 94 Stepping 3, GenuineIntel
TMP=C:\Users\ADMINI~1\AppData\Local\Temp
TEMP=C:\Users\ADMINI~1\AppData\Local\Temp



---------------  S Y S T E M  ---------------

OS: Windows 11 , 64 bit Build 22000 (10.0.22000.1516)
OS uptime: 0 days 9:40 hours

CPU:total 8 (initial active 8) (4 cores per cpu, 2 threads per core) family 6 model 94 stepping 3 microcode 0xd6, cmov, cx8, fxsr, mmx, sse, sse2, sse3, ssse3, sse4.1, sse4.2, popcnt, avx, avx2, aes, clmul, erms, rtm, 3dnowpref, lzcnt, ht, tsc, tscinvbit, bmi1, bmi2, adx, fma

Memory: 4k page, system-wide physical 16342M (1473M free)
TotalPageFile size 44457M (AvailPageFile size 59M)
current process WorkingSet (physical memory assigned to process): 10M, peak: 10M
current process commit charge ("private bytes"): 60M, peak: 316M

vm_info: OpenJDK 64-Bit Server VM (11.0.18+10) for windows-amd64 JRE (11.0.18+10), built on Jan 18 2023 04:27:27 by "" with MS VC++ 16.7 (VS2019)

END.
