#
# There is insufficient memory for the Java Runtime Environment to continue.
# Native memory allocation (malloc) failed to allocate 480016 bytes for Chunk::new
# Possible reasons:
#   The system is out of physical RAM or swap space
#   The process is running with CompressedOops enabled, and the Java Heap may be blocking the growth of the native heap
# Possible solutions:
#   Reduce memory load on the system
#   Increase physical memory or swap space
#   Check if swap backing store is full
#   Decrease Java heap size (-Xmx/-Xms)
#   Decrease number of Java threads
#   Decrease Java thread stack sizes (-Xss)
#   Set larger code cache with -XX:ReservedCodeCacheSize=
#   JVM is running with Zero Based Compressed Oops mode in which the Java heap is
#     placed in the first 32GB address space. The Java Heap base address is the
#     maximum limit for the native heap growth. Please use -XX:HeapBaseMinAddress
#     to set the Java Heap base and to place the Java Heap above 32GB virtual address.
# This output file may be truncated or incomplete.
#
#  Out of Memory Error (./src/hotspot/share/memory/arena.cpp:197), pid=7820, tid=24252
#
# JRE version: OpenJDK Runtime Environment Temurin-11.0.18+10 (11.0.18+10) (build 11.0.18+10)
# Java VM: OpenJDK 64-Bit Server VM Temurin-11.0.18+10 (11.0.18+10, mixed mode, tiered, compressed oops, g1 gc, windows-amd64)
# No core dump will be written. Minidumps are not enabled by default on client versions of Windows
#

---------------  S U M M A R Y ------------

Command Line: -Dfile.encoding=UTF-8 main.Main

Host: Intel(R) Core(TM) i7-6700 CPU @ 3.40GHz, 8 cores, 15G,  Windows 11 , 64 bit Build 22000 (10.0.22000.1516)
Time: Sat Mar 11 17:34:49 2023  Windows 11 , 64 bit Build 22000 (10.0.22000.1516) elapsed time: 0.461939 seconds (0d 0h 0m 0s)

---------------  T H R E A D  ---------------

Current thread (0x00000246e02ef000):  JavaThread "C2 CompilerThread0" daemon [_thread_in_native, id=24252, stack(0x0000009e4be00000,0x0000009e4bf00000)]


Current CompileTask:
C2:    462  505       4       jdk.internal.org.objectweb.asm.Frame::execute (2264 bytes)

Stack: [0x0000009e4be00000,0x0000009e4bf00000]
Native frames: (J=compiled Java code, j=interpreted, Vv=VM code, C=native code)
V  [jvm.dll+0x64f2aa]
V  [jvm.dll+0x7e2769]
V  [jvm.dll+0x7e3e69]
V  [jvm.dll+0x7e4553]
V  [jvm.dll+0x26af95]
V  [jvm.dll+0xc1a1c]
V  [jvm.dll+0xc1fcc]
V  [jvm.dll+0x2dd412]
V  [jvm.dll+0x559787]
V  [jvm.dll+0x22254b]
V  [jvm.dll+0x224a79]
V  [jvm.dll+0x221c84]
V  [jvm.dll+0x19e681]
V  [jvm.dll+0x231f69]
V  [jvm.dll+0x2300bf]
V  [jvm.dll+0x7a3af0]
V  [jvm.dll+0x79c904]
V  [jvm.dll+0x64e065]
C  [ucrtbase.dll+0x26c0c]
C  [KERNEL32.DLL+0x155a0]
C  [ntdll.dll+0x485b]


---------------  P R O C E S S  ---------------

Threads class SMR info:
_java_thread_list=0x00000246e0994c60, length=14, elements={
0x00000246b9cd4000, 0x00000246df9d1800, 0x00000246df9c8000, 0x00000246e02dc800,
0x00000246e02df800, 0x00000246e02e0800, 0x00000246e02ef000, 0x00000246e02f0000,
0x00000246e0303800, 0x00000246e046d000, 0x00000246e098d800, 0x00000246e0a48800,
0x00000246e0a49800, 0x00000246e0975000
}

Java Threads: ( => current thread )
  0x00000246b9cd4000 JavaThread "main" [_thread_in_vm, id=24592, stack(0x0000009e4b200000,0x0000009e4b300000)]
  0x00000246df9d1800 JavaThread "Reference Handler" daemon [_thread_blocked, id=25304, stack(0x0000009e4b900000,0x0000009e4ba00000)]
  0x00000246df9c8000 JavaThread "Finalizer" daemon [_thread_blocked, id=16716, stack(0x0000009e4ba00000,0x0000009e4bb00000)]
  0x00000246e02dc800 JavaThread "Signal Dispatcher" daemon [_thread_blocked, id=26236, stack(0x0000009e4bb00000,0x0000009e4bc00000)]
  0x00000246e02df800 JavaThread "Attach Listener" daemon [_thread_blocked, id=26084, stack(0x0000009e4bc00000,0x0000009e4bd00000)]
  0x00000246e02e0800 JavaThread "Service Thread" daemon [_thread_blocked, id=26576, stack(0x0000009e4bd00000,0x0000009e4be00000)]
=>0x00000246e02ef000 JavaThread "C2 CompilerThread0" daemon [_thread_in_native, id=24252, stack(0x0000009e4be00000,0x0000009e4bf00000)]
  0x00000246e02f0000 JavaThread "C1 CompilerThread0" daemon [_thread_blocked, id=26288, stack(0x0000009e4bf00000,0x0000009e4c000000)]
  0x00000246e0303800 JavaThread "Sweeper thread" daemon [_thread_blocked, id=24644, stack(0x0000009e4c000000,0x0000009e4c100000)]
  0x00000246e046d000 JavaThread "Common-Cleaner" daemon [_thread_blocked, id=25660, stack(0x0000009e4c200000,0x0000009e4c300000)]
  0x00000246e098d800 JavaThread "Java2D Disposer" daemon [_thread_blocked, id=22928, stack(0x0000009e4c300000,0x0000009e4c400000)]
  0x00000246e0a48800 JavaThread "AWT-Shutdown" [_thread_blocked, id=25892, stack(0x0000009e4c400000,0x0000009e4c500000)]
  0x00000246e0a49800 JavaThread "AWT-Windows" daemon [_thread_in_native, id=22988, stack(0x0000009e4c500000,0x0000009e4c600000)]
  0x00000246e0975000 JavaThread "C2 CompilerThread1" daemon [_thread_blocked, id=26368, stack(0x0000009e4c810000,0x0000009e4c910000)]

Other Threads:
  0x00000246df9bf000 VMThread "VM Thread" [stack: 0x0000009e4b800000,0x0000009e4b900000] [id=22108]
  0x00000246e0468800 WatcherThread [stack: 0x0000009e4c100000,0x0000009e4c200000] [id=26120]
  0x00000246b9ced000 GCTaskThread "GC Thread#0" [stack: 0x0000009e4b300000,0x0000009e4b400000] [id=26416]
  0x00000246b9d4a000 ConcurrentGCThread "G1 Main Marker" [stack: 0x0000009e4b400000,0x0000009e4b500000] [id=25676]
  0x00000246b9d4e800 ConcurrentGCThread "G1 Conc#0" [stack: 0x0000009e4b500000,0x0000009e4b600000] [id=23324]
  0x00000246df8a2800 ConcurrentGCThread "G1 Refine#0" [stack: 0x0000009e4b600000,0x0000009e4b700000] [id=23992]
  0x00000246df8a5800 ConcurrentGCThread "G1 Young RemSet Sampling" [stack: 0x0000009e4b700000,0x0000009e4b800000] [id=20812]

Threads with active compile tasks:
C2 CompilerThread0      482  505       4       jdk.internal.org.objectweb.asm.Frame::execute (2264 bytes)

VM state:not at safepoint (normal execution)

VM Mutex/Monitor currently owned by a thread: None

Heap address: 0x0000000700a00000, size: 4086 MB, Compressed Oops mode: Zero based, Oop shift amount: 3
Narrow klass base: 0x0000000800000000, Narrow klass shift: 0
Compressed class space size: 1073741824 Address: 0x0000000800000000

Heap:
 garbage-first heap   total 262144K, used 6144K [0x0000000700a00000, 0x0000000800000000)
  region size 1024K, 7 young (7168K), 0 survivors (0K)
 Metaspace       used 10211K, capacity 10490K, committed 10624K, reserved 1062912K
  class space    used 976K, capacity 1108K, committed 1152K, reserved 1048576K
Heap Regions: E=young(eden), S=young(survivor), O=old, HS=humongous(starts), HC=humongous(continues), CS=collection set, F=free, A=archive, TAMS=top-at-mark-start (previous, next)
|   0|0x0000000700a00000, 0x0000000700a00000, 0x0000000700b00000|  0%| F|  |TAMS 0x0000000700a00000, 0x0000000700a00000| Untracked 
|   1|0x0000000700b00000, 0x0000000700b00000, 0x0000000700c00000|  0%| F|  |TAMS 0x0000000700b00000, 0x0000000700b00000| Untracked 
|   2|0x0000000700c00000, 0x0000000700c00000, 0x0000000700d00000|  0%| F|  |TAMS 0x0000000700c00000, 0x0000000700c00000| Untracked 
|   3|0x0000000700d00000, 0x0000000700d00000, 0x0000000700e00000|  0%| F|  |TAMS 0x0000000700d00000, 0x0000000700d00000| Untracked 
|   4|0x0000000700e00000, 0x0000000700e00000, 0x0000000700f00000|  0%| F|  |TAMS 0x0000000700e00000, 0x0000000700e00000| Untracked 
|   5|0x0000000700f00000, 0x0000000700f00000, 0x0000000701000000|  0%| F|  |TAMS 0x0000000700f00000, 0x0000000700f00000| Untracked 
|   6|0x0000000701000000, 0x0000000701000000, 0x0000000701100000|  0%| F|  |TAMS 0x0000000701000000, 0x0000000701000000| Untracked 
|   7|0x0000000701100000, 0x0000000701100000, 0x0000000701200000|  0%| F|  |TAMS 0x0000000701100000, 0x0000000701100000| Untracked 
|   8|0x0000000701200000, 0x0000000701200000, 0x0000000701300000|  0%| F|  |TAMS 0x0000000701200000, 0x0000000701200000| Untracked 
|   9|0x0000000701300000, 0x0000000701300000, 0x0000000701400000|  0%| F|  |TAMS 0x0000000701300000, 0x0000000701300000| Untracked 
|  10|0x0000000701400000, 0x0000000701400000, 0x0000000701500000|  0%| F|  |TAMS 0x0000000701400000, 0x0000000701400000| Untracked 
|  11|0x0000000701500000, 0x0000000701500000, 0x0000000701600000|  0%| F|  |TAMS 0x0000000701500000, 0x0000000701500000| Untracked 
|  12|0x0000000701600000, 0x0000000701600000, 0x0000000701700000|  0%| F|  |TAMS 0x0000000701600000, 0x0000000701600000| Untracked 
|  13|0x0000000701700000, 0x0000000701700000, 0x0000000701800000|  0%| F|  |TAMS 0x0000000701700000, 0x0000000701700000| Untracked 
|  14|0x0000000701800000, 0x0000000701800000, 0x0000000701900000|  0%| F|  |TAMS 0x0000000701800000, 0x0000000701800000| Untracked 
|  15|0x0000000701900000, 0x0000000701900000, 0x0000000701a00000|  0%| F|  |TAMS 0x0000000701900000, 0x0000000701900000| Untracked 
|  16|0x0000000701a00000, 0x0000000701a00000, 0x0000000701b00000|  0%| F|  |TAMS 0x0000000701a00000, 0x0000000701a00000| Untracked 
|  17|0x0000000701b00000, 0x0000000701b00000, 0x0000000701c00000|  0%| F|  |TAMS 0x0000000701b00000, 0x0000000701b00000| Untracked 
|  18|0x0000000701c00000, 0x0000000701c00000, 0x0000000701d00000|  0%| F|  |TAMS 0x0000000701c00000, 0x0000000701c00000| Untracked 
|  19|0x0000000701d00000, 0x0000000701d00000, 0x0000000701e00000|  0%| F|  |TAMS 0x0000000701d00000, 0x0000000701d00000| Untracked 
|  20|0x0000000701e00000, 0x0000000701e00000, 0x0000000701f00000|  0%| F|  |TAMS 0x0000000701e00000, 0x0000000701e00000| Untracked 
|  21|0x0000000701f00000, 0x0000000701f00000, 0x0000000702000000|  0%| F|  |TAMS 0x0000000701f00000, 0x0000000701f00000| Untracked 
|  22|0x0000000702000000, 0x0000000702000000, 0x0000000702100000|  0%| F|  |TAMS 0x0000000702000000, 0x0000000702000000| Untracked 
|  23|0x0000000702100000, 0x0000000702100000, 0x0000000702200000|  0%| F|  |TAMS 0x0000000702100000, 0x0000000702100000| Untracked 
|  24|0x0000000702200000, 0x0000000702200000, 0x0000000702300000|  0%| F|  |TAMS 0x0000000702200000, 0x0000000702200000| Untracked 
|  25|0x0000000702300000, 0x0000000702300000, 0x0000000702400000|  0%| F|  |TAMS 0x0000000702300000, 0x0000000702300000| Untracked 
|  26|0x0000000702400000, 0x0000000702400000, 0x0000000702500000|  0%| F|  |TAMS 0x0000000702400000, 0x0000000702400000| Untracked 
|  27|0x0000000702500000, 0x0000000702500000, 0x0000000702600000|  0%| F|  |TAMS 0x0000000702500000, 0x0000000702500000| Untracked 
|  28|0x0000000702600000, 0x0000000702600000, 0x0000000702700000|  0%| F|  |TAMS 0x0000000702600000, 0x0000000702600000| Untracked 
|  29|0x0000000702700000, 0x0000000702700000, 0x0000000702800000|  0%| F|  |TAMS 0x0000000702700000, 0x0000000702700000| Untracked 
|  30|0x0000000702800000, 0x0000000702800000, 0x0000000702900000|  0%| F|  |TAMS 0x0000000702800000, 0x0000000702800000| Untracked 
|  31|0x0000000702900000, 0x0000000702900000, 0x0000000702a00000|  0%| F|  |TAMS 0x0000000702900000, 0x0000000702900000| Untracked 
|  32|0x0000000702a00000, 0x0000000702a00000, 0x0000000702b00000|  0%| F|  |TAMS 0x0000000702a00000, 0x0000000702a00000| Untracked 
|  33|0x0000000702b00000, 0x0000000702b00000, 0x0000000702c00000|  0%| F|  |TAMS 0x0000000702b00000, 0x0000000702b00000| Untracked 
|  34|0x0000000702c00000, 0x0000000702c00000, 0x0000000702d00000|  0%| F|  |TAMS 0x0000000702c00000, 0x0000000702c00000| Untracked 
|  35|0x0000000702d00000, 0x0000000702d00000, 0x0000000702e00000|  0%| F|  |TAMS 0x0000000702d00000, 0x0000000702d00000| Untracked 
|  36|0x0000000702e00000, 0x0000000702e00000, 0x0000000702f00000|  0%| F|  |TAMS 0x0000000702e00000, 0x0000000702e00000| Untracked 
|  37|0x0000000702f00000, 0x0000000702f00000, 0x0000000703000000|  0%| F|  |TAMS 0x0000000702f00000, 0x0000000702f00000| Untracked 
|  38|0x0000000703000000, 0x0000000703000000, 0x0000000703100000|  0%| F|  |TAMS 0x0000000703000000, 0x0000000703000000| Untracked 
|  39|0x0000000703100000, 0x0000000703100000, 0x0000000703200000|  0%| F|  |TAMS 0x0000000703100000, 0x0000000703100000| Untracked 
|  40|0x0000000703200000, 0x0000000703200000, 0x0000000703300000|  0%| F|  |TAMS 0x0000000703200000, 0x0000000703200000| Untracked 
|  41|0x0000000703300000, 0x0000000703300000, 0x0000000703400000|  0%| F|  |TAMS 0x0000000703300000, 0x0000000703300000| Untracked 
|  42|0x0000000703400000, 0x0000000703400000, 0x0000000703500000|  0%| F|  |TAMS 0x0000000703400000, 0x0000000703400000| Untracked 
|  43|0x0000000703500000, 0x0000000703500000, 0x0000000703600000|  0%| F|  |TAMS 0x0000000703500000, 0x0000000703500000| Untracked 
|  44|0x0000000703600000, 0x0000000703600000, 0x0000000703700000|  0%| F|  |TAMS 0x0000000703600000, 0x0000000703600000| Untracked 
|  45|0x0000000703700000, 0x0000000703700000, 0x0000000703800000|  0%| F|  |TAMS 0x0000000703700000, 0x0000000703700000| Untracked 
|  46|0x0000000703800000, 0x0000000703800000, 0x0000000703900000|  0%| F|  |TAMS 0x0000000703800000, 0x0000000703800000| Untracked 
|  47|0x0000000703900000, 0x0000000703900000, 0x0000000703a00000|  0%| F|  |TAMS 0x0000000703900000, 0x0000000703900000| Untracked 
|  48|0x0000000703a00000, 0x0000000703a00000, 0x0000000703b00000|  0%| F|  |TAMS 0x0000000703a00000, 0x0000000703a00000| Untracked 
|  49|0x0000000703b00000, 0x0000000703b00000, 0x0000000703c00000|  0%| F|  |TAMS 0x0000000703b00000, 0x0000000703b00000| Untracked 
|  50|0x0000000703c00000, 0x0000000703c00000, 0x0000000703d00000|  0%| F|  |TAMS 0x0000000703c00000, 0x0000000703c00000| Untracked 
|  51|0x0000000703d00000, 0x0000000703d00000, 0x0000000703e00000|  0%| F|  |TAMS 0x0000000703d00000, 0x0000000703d00000| Untracked 
|  52|0x0000000703e00000, 0x0000000703e00000, 0x0000000703f00000|  0%| F|  |TAMS 0x0000000703e00000, 0x0000000703e00000| Untracked 
|  53|0x0000000703f00000, 0x0000000703f00000, 0x0000000704000000|  0%| F|  |TAMS 0x0000000703f00000, 0x0000000703f00000| Untracked 
|  54|0x0000000704000000, 0x0000000704000000, 0x0000000704100000|  0%| F|  |TAMS 0x0000000704000000, 0x0000000704000000| Untracked 
|  55|0x0000000704100000, 0x0000000704100000, 0x0000000704200000|  0%| F|  |TAMS 0x0000000704100000, 0x0000000704100000| Untracked 
|  56|0x0000000704200000, 0x0000000704200000, 0x0000000704300000|  0%| F|  |TAMS 0x0000000704200000, 0x0000000704200000| Untracked 
|  57|0x0000000704300000, 0x0000000704300000, 0x0000000704400000|  0%| F|  |TAMS 0x0000000704300000, 0x0000000704300000| Untracked 
|  58|0x0000000704400000, 0x0000000704400000, 0x0000000704500000|  0%| F|  |TAMS 0x0000000704400000, 0x0000000704400000| Untracked 
|  59|0x0000000704500000, 0x0000000704500000, 0x0000000704600000|  0%| F|  |TAMS 0x0000000704500000, 0x0000000704500000| Untracked 
|  60|0x0000000704600000, 0x0000000704600000, 0x0000000704700000|  0%| F|  |TAMS 0x0000000704600000, 0x0000000704600000| Untracked 
|  61|0x0000000704700000, 0x0000000704700000, 0x0000000704800000|  0%| F|  |TAMS 0x0000000704700000, 0x0000000704700000| Untracked 
|  62|0x0000000704800000, 0x0000000704800000, 0x0000000704900000|  0%| F|  |TAMS 0x0000000704800000, 0x0000000704800000| Untracked 
|  63|0x0000000704900000, 0x0000000704900000, 0x0000000704a00000|  0%| F|  |TAMS 0x0000000704900000, 0x0000000704900000| Untracked 
|  64|0x0000000704a00000, 0x0000000704a00000, 0x0000000704b00000|  0%| F|  |TAMS 0x0000000704a00000, 0x0000000704a00000| Untracked 
|  65|0x0000000704b00000, 0x0000000704b00000, 0x0000000704c00000|  0%| F|  |TAMS 0x0000000704b00000, 0x0000000704b00000| Untracked 
|  66|0x0000000704c00000, 0x0000000704c00000, 0x0000000704d00000|  0%| F|  |TAMS 0x0000000704c00000, 0x0000000704c00000| Untracked 
|  67|0x0000000704d00000, 0x0000000704d00000, 0x0000000704e00000|  0%| F|  |TAMS 0x0000000704d00000, 0x0000000704d00000| Untracked 
|  68|0x0000000704e00000, 0x0000000704e00000, 0x0000000704f00000|  0%| F|  |TAMS 0x0000000704e00000, 0x0000000704e00000| Untracked 
|  69|0x0000000704f00000, 0x0000000704f00000, 0x0000000705000000|  0%| F|  |TAMS 0x0000000704f00000, 0x0000000704f00000| Untracked 
|  70|0x0000000705000000, 0x0000000705000000, 0x0000000705100000|  0%| F|  |TAMS 0x0000000705000000, 0x0000000705000000| Untracked 
|  71|0x0000000705100000, 0x0000000705100000, 0x0000000705200000|  0%| F|  |TAMS 0x0000000705100000, 0x0000000705100000| Untracked 
|  72|0x0000000705200000, 0x0000000705200000, 0x0000000705300000|  0%| F|  |TAMS 0x0000000705200000, 0x0000000705200000| Untracked 
|  73|0x0000000705300000, 0x0000000705300000, 0x0000000705400000|  0%| F|  |TAMS 0x0000000705300000, 0x0000000705300000| Untracked 
|  74|0x0000000705400000, 0x0000000705400000, 0x0000000705500000|  0%| F|  |TAMS 0x0000000705400000, 0x0000000705400000| Untracked 
|  75|0x0000000705500000, 0x0000000705500000, 0x0000000705600000|  0%| F|  |TAMS 0x0000000705500000, 0x0000000705500000| Untracked 
|  76|0x0000000705600000, 0x0000000705600000, 0x0000000705700000|  0%| F|  |TAMS 0x0000000705600000, 0x0000000705600000| Untracked 
|  77|0x0000000705700000, 0x0000000705700000, 0x0000000705800000|  0%| F|  |TAMS 0x0000000705700000, 0x0000000705700000| Untracked 
|  78|0x0000000705800000, 0x0000000705800000, 0x0000000705900000|  0%| F|  |TAMS 0x0000000705800000, 0x0000000705800000| Untracked 
|  79|0x0000000705900000, 0x0000000705900000, 0x0000000705a00000|  0%| F|  |TAMS 0x0000000705900000, 0x0000000705900000| Untracked 
|  80|0x0000000705a00000, 0x0000000705a00000, 0x0000000705b00000|  0%| F|  |TAMS 0x0000000705a00000, 0x0000000705a00000| Untracked 
|  81|0x0000000705b00000, 0x0000000705b00000, 0x0000000705c00000|  0%| F|  |TAMS 0x0000000705b00000, 0x0000000705b00000| Untracked 
|  82|0x0000000705c00000, 0x0000000705c00000, 0x0000000705d00000|  0%| F|  |TAMS 0x0000000705c00000, 0x0000000705c00000| Untracked 
|  83|0x0000000705d00000, 0x0000000705d00000, 0x0000000705e00000|  0%| F|  |TAMS 0x0000000705d00000, 0x0000000705d00000| Untracked 
|  84|0x0000000705e00000, 0x0000000705e00000, 0x0000000705f00000|  0%| F|  |TAMS 0x0000000705e00000, 0x0000000705e00000| Untracked 
|  85|0x0000000705f00000, 0x0000000705f00000, 0x0000000706000000|  0%| F|  |TAMS 0x0000000705f00000, 0x0000000705f00000| Untracked 
|  86|0x0000000706000000, 0x0000000706000000, 0x0000000706100000|  0%| F|  |TAMS 0x0000000706000000, 0x0000000706000000| Untracked 
|  87|0x0000000706100000, 0x0000000706100000, 0x0000000706200000|  0%| F|  |TAMS 0x0000000706100000, 0x0000000706100000| Untracked 
|  88|0x0000000706200000, 0x0000000706200000, 0x0000000706300000|  0%| F|  |TAMS 0x0000000706200000, 0x0000000706200000| Untracked 
|  89|0x0000000706300000, 0x0000000706300000, 0x0000000706400000|  0%| F|  |TAMS 0x0000000706300000, 0x0000000706300000| Untracked 
|  90|0x0000000706400000, 0x0000000706400000, 0x0000000706500000|  0%| F|  |TAMS 0x0000000706400000, 0x0000000706400000| Untracked 
|  91|0x0000000706500000, 0x0000000706500000, 0x0000000706600000|  0%| F|  |TAMS 0x0000000706500000, 0x0000000706500000| Untracked 
|  92|0x0000000706600000, 0x0000000706600000, 0x0000000706700000|  0%| F|  |TAMS 0x0000000706600000, 0x0000000706600000| Untracked 
|  93|0x0000000706700000, 0x0000000706700000, 0x0000000706800000|  0%| F|  |TAMS 0x0000000706700000, 0x0000000706700000| Untracked 
|  94|0x0000000706800000, 0x0000000706800000, 0x0000000706900000|  0%| F|  |TAMS 0x0000000706800000, 0x0000000706800000| Untracked 
|  95|0x0000000706900000, 0x0000000706900000, 0x0000000706a00000|  0%| F|  |TAMS 0x0000000706900000, 0x0000000706900000| Untracked 
|  96|0x0000000706a00000, 0x0000000706a00000, 0x0000000706b00000|  0%| F|  |TAMS 0x0000000706a00000, 0x0000000706a00000| Untracked 
|  97|0x0000000706b00000, 0x0000000706b00000, 0x0000000706c00000|  0%| F|  |TAMS 0x0000000706b00000, 0x0000000706b00000| Untracked 
|  98|0x0000000706c00000, 0x0000000706c00000, 0x0000000706d00000|  0%| F|  |TAMS 0x0000000706c00000, 0x0000000706c00000| Untracked 
|  99|0x0000000706d00000, 0x0000000706d00000, 0x0000000706e00000|  0%| F|  |TAMS 0x0000000706d00000, 0x0000000706d00000| Untracked 
| 100|0x0000000706e00000, 0x0000000706e00000, 0x0000000706f00000|  0%| F|  |TAMS 0x0000000706e00000, 0x0000000706e00000| Untracked 
| 101|0x0000000706f00000, 0x0000000706f00000, 0x0000000707000000|  0%| F|  |TAMS 0x0000000706f00000, 0x0000000706f00000| Untracked 
| 102|0x0000000707000000, 0x0000000707000000, 0x0000000707100000|  0%| F|  |TAMS 0x0000000707000000, 0x0000000707000000| Untracked 
| 103|0x0000000707100000, 0x0000000707100000, 0x0000000707200000|  0%| F|  |TAMS 0x0000000707100000, 0x0000000707100000| Untracked 
| 104|0x0000000707200000, 0x0000000707200000, 0x0000000707300000|  0%| F|  |TAMS 0x0000000707200000, 0x0000000707200000| Untracked 
| 105|0x0000000707300000, 0x0000000707300000, 0x0000000707400000|  0%| F|  |TAMS 0x0000000707300000, 0x0000000707300000| Untracked 
| 106|0x0000000707400000, 0x0000000707400000, 0x0000000707500000|  0%| F|  |TAMS 0x0000000707400000, 0x0000000707400000| Untracked 
| 107|0x0000000707500000, 0x0000000707500000, 0x0000000707600000|  0%| F|  |TAMS 0x0000000707500000, 0x0000000707500000| Untracked 
| 108|0x0000000707600000, 0x0000000707600000, 0x0000000707700000|  0%| F|  |TAMS 0x0000000707600000, 0x0000000707600000| Untracked 
| 109|0x0000000707700000, 0x0000000707700000, 0x0000000707800000|  0%| F|  |TAMS 0x0000000707700000, 0x0000000707700000| Untracked 
| 110|0x0000000707800000, 0x0000000707800000, 0x0000000707900000|  0%| F|  |TAMS 0x0000000707800000, 0x0000000707800000| Untracked 
| 111|0x0000000707900000, 0x0000000707900000, 0x0000000707a00000|  0%| F|  |TAMS 0x0000000707900000, 0x0000000707900000| Untracked 
| 112|0x0000000707a00000, 0x0000000707a00000, 0x0000000707b00000|  0%| F|  |TAMS 0x0000000707a00000, 0x0000000707a00000| Untracked 
| 113|0x0000000707b00000, 0x0000000707b00000, 0x0000000707c00000|  0%| F|  |TAMS 0x0000000707b00000, 0x0000000707b00000| Untracked 
| 114|0x0000000707c00000, 0x0000000707c00000, 0x0000000707d00000|  0%| F|  |TAMS 0x0000000707c00000, 0x0000000707c00000| Untracked 
| 115|0x0000000707d00000, 0x0000000707d00000, 0x0000000707e00000|  0%| F|  |TAMS 0x0000000707d00000, 0x0000000707d00000| Untracked 
| 116|0x0000000707e00000, 0x0000000707e00000, 0x0000000707f00000|  0%| F|  |TAMS 0x0000000707e00000, 0x0000000707e00000| Untracked 
| 117|0x0000000707f00000, 0x0000000707f00000, 0x0000000708000000|  0%| F|  |TAMS 0x0000000707f00000, 0x0000000707f00000| Untracked 
| 118|0x0000000708000000, 0x0000000708000000, 0x0000000708100000|  0%| F|  |TAMS 0x0000000708000000, 0x0000000708000000| Untracked 
| 119|0x0000000708100000, 0x0000000708100000, 0x0000000708200000|  0%| F|  |TAMS 0x0000000708100000, 0x0000000708100000| Untracked 
| 120|0x0000000708200000, 0x0000000708200000, 0x0000000708300000|  0%| F|  |TAMS 0x0000000708200000, 0x0000000708200000| Untracked 
| 121|0x0000000708300000, 0x0000000708300000, 0x0000000708400000|  0%| F|  |TAMS 0x0000000708300000, 0x0000000708300000| Untracked 
| 122|0x0000000708400000, 0x0000000708400000, 0x0000000708500000|  0%| F|  |TAMS 0x0000000708400000, 0x0000000708400000| Untracked 
| 123|0x0000000708500000, 0x0000000708500000, 0x0000000708600000|  0%| F|  |TAMS 0x0000000708500000, 0x0000000708500000| Untracked 
| 124|0x0000000708600000, 0x0000000708600000, 0x0000000708700000|  0%| F|  |TAMS 0x0000000708600000, 0x0000000708600000| Untracked 
| 125|0x0000000708700000, 0x0000000708700000, 0x0000000708800000|  0%| F|  |TAMS 0x0000000708700000, 0x0000000708700000| Untracked 
| 126|0x0000000708800000, 0x0000000708800000, 0x0000000708900000|  0%| F|  |TAMS 0x0000000708800000, 0x0000000708800000| Untracked 
| 127|0x0000000708900000, 0x0000000708900000, 0x0000000708a00000|  0%| F|  |TAMS 0x0000000708900000, 0x0000000708900000| Untracked 
| 128|0x0000000708a00000, 0x0000000708a00000, 0x0000000708b00000|  0%| F|  |TAMS 0x0000000708a00000, 0x0000000708a00000| Untracked 
| 129|0x0000000708b00000, 0x0000000708b00000, 0x0000000708c00000|  0%| F|  |TAMS 0x0000000708b00000, 0x0000000708b00000| Untracked 
| 130|0x0000000708c00000, 0x0000000708c00000, 0x0000000708d00000|  0%| F|  |TAMS 0x0000000708c00000, 0x0000000708c00000| Untracked 
| 131|0x0000000708d00000, 0x0000000708d00000, 0x0000000708e00000|  0%| F|  |TAMS 0x0000000708d00000, 0x0000000708d00000| Untracked 
| 132|0x0000000708e00000, 0x0000000708e00000, 0x0000000708f00000|  0%| F|  |TAMS 0x0000000708e00000, 0x0000000708e00000| Untracked 
| 133|0x0000000708f00000, 0x0000000708f00000, 0x0000000709000000|  0%| F|  |TAMS 0x0000000708f00000, 0x0000000708f00000| Untracked 
| 134|0x0000000709000000, 0x0000000709000000, 0x0000000709100000|  0%| F|  |TAMS 0x0000000709000000, 0x0000000709000000| Untracked 
| 135|0x0000000709100000, 0x0000000709100000, 0x0000000709200000|  0%| F|  |TAMS 0x0000000709100000, 0x0000000709100000| Untracked 
| 136|0x0000000709200000, 0x0000000709200000, 0x0000000709300000|  0%| F|  |TAMS 0x0000000709200000, 0x0000000709200000| Untracked 
| 137|0x0000000709300000, 0x0000000709300000, 0x0000000709400000|  0%| F|  |TAMS 0x0000000709300000, 0x0000000709300000| Untracked 
| 138|0x0000000709400000, 0x0000000709400000, 0x0000000709500000|  0%| F|  |TAMS 0x0000000709400000, 0x0000000709400000| Untracked 
| 139|0x0000000709500000, 0x0000000709500000, 0x0000000709600000|  0%| F|  |TAMS 0x0000000709500000, 0x0000000709500000| Untracked 
| 140|0x0000000709600000, 0x0000000709600000, 0x0000000709700000|  0%| F|  |TAMS 0x0000000709600000, 0x0000000709600000| Untracked 
| 141|0x0000000709700000, 0x0000000709700000, 0x0000000709800000|  0%| F|  |TAMS 0x0000000709700000, 0x0000000709700000| Untracked 
| 142|0x0000000709800000, 0x0000000709800000, 0x0000000709900000|  0%| F|  |TAMS 0x0000000709800000, 0x0000000709800000| Untracked 
| 143|0x0000000709900000, 0x0000000709900000, 0x0000000709a00000|  0%| F|  |TAMS 0x0000000709900000, 0x0000000709900000| Untracked 
| 144|0x0000000709a00000, 0x0000000709a00000, 0x0000000709b00000|  0%| F|  |TAMS 0x0000000709a00000, 0x0000000709a00000| Untracked 
| 145|0x0000000709b00000, 0x0000000709b00000, 0x0000000709c00000|  0%| F|  |TAMS 0x0000000709b00000, 0x0000000709b00000| Untracked 
| 146|0x0000000709c00000, 0x0000000709c00000, 0x0000000709d00000|  0%| F|  |TAMS 0x0000000709c00000, 0x0000000709c00000| Untracked 
| 147|0x0000000709d00000, 0x0000000709d00000, 0x0000000709e00000|  0%| F|  |TAMS 0x0000000709d00000, 0x0000000709d00000| Untracked 
| 148|0x0000000709e00000, 0x0000000709e00000, 0x0000000709f00000|  0%| F|  |TAMS 0x0000000709e00000, 0x0000000709e00000| Untracked 
| 149|0x0000000709f00000, 0x0000000709f00000, 0x000000070a000000|  0%| F|  |TAMS 0x0000000709f00000, 0x0000000709f00000| Untracked 
| 150|0x000000070a000000, 0x000000070a000000, 0x000000070a100000|  0%| F|  |TAMS 0x000000070a000000, 0x000000070a000000| Untracked 
| 151|0x000000070a100000, 0x000000070a100000, 0x000000070a200000|  0%| F|  |TAMS 0x000000070a100000, 0x000000070a100000| Untracked 
| 152|0x000000070a200000, 0x000000070a200000, 0x000000070a300000|  0%| F|  |TAMS 0x000000070a200000, 0x000000070a200000| Untracked 
| 153|0x000000070a300000, 0x000000070a300000, 0x000000070a400000|  0%| F|  |TAMS 0x000000070a300000, 0x000000070a300000| Untracked 
| 154|0x000000070a400000, 0x000000070a400000, 0x000000070a500000|  0%| F|  |TAMS 0x000000070a400000, 0x000000070a400000| Untracked 
| 155|0x000000070a500000, 0x000000070a500000, 0x000000070a600000|  0%| F|  |TAMS 0x000000070a500000, 0x000000070a500000| Untracked 
| 156|0x000000070a600000, 0x000000070a600000, 0x000000070a700000|  0%| F|  |TAMS 0x000000070a600000, 0x000000070a600000| Untracked 
| 157|0x000000070a700000, 0x000000070a700000, 0x000000070a800000|  0%| F|  |TAMS 0x000000070a700000, 0x000000070a700000| Untracked 
| 158|0x000000070a800000, 0x000000070a800000, 0x000000070a900000|  0%| F|  |TAMS 0x000000070a800000, 0x000000070a800000| Untracked 
| 159|0x000000070a900000, 0x000000070a900000, 0x000000070aa00000|  0%| F|  |TAMS 0x000000070a900000, 0x000000070a900000| Untracked 
| 160|0x000000070aa00000, 0x000000070aa00000, 0x000000070ab00000|  0%| F|  |TAMS 0x000000070aa00000, 0x000000070aa00000| Untracked 
| 161|0x000000070ab00000, 0x000000070ab00000, 0x000000070ac00000|  0%| F|  |TAMS 0x000000070ab00000, 0x000000070ab00000| Untracked 
| 162|0x000000070ac00000, 0x000000070ac00000, 0x000000070ad00000|  0%| F|  |TAMS 0x000000070ac00000, 0x000000070ac00000| Untracked 
| 163|0x000000070ad00000, 0x000000070ad00000, 0x000000070ae00000|  0%| F|  |TAMS 0x000000070ad00000, 0x000000070ad00000| Untracked 
| 164|0x000000070ae00000, 0x000000070ae00000, 0x000000070af00000|  0%| F|  |TAMS 0x000000070ae00000, 0x000000070ae00000| Untracked 
| 165|0x000000070af00000, 0x000000070af00000, 0x000000070b000000|  0%| F|  |TAMS 0x000000070af00000, 0x000000070af00000| Untracked 
| 166|0x000000070b000000, 0x000000070b000000, 0x000000070b100000|  0%| F|  |TAMS 0x000000070b000000, 0x000000070b000000| Untracked 
| 167|0x000000070b100000, 0x000000070b100000, 0x000000070b200000|  0%| F|  |TAMS 0x000000070b100000, 0x000000070b100000| Untracked 
| 168|0x000000070b200000, 0x000000070b200000, 0x000000070b300000|  0%| F|  |TAMS 0x000000070b200000, 0x000000070b200000| Untracked 
| 169|0x000000070b300000, 0x000000070b300000, 0x000000070b400000|  0%| F|  |TAMS 0x000000070b300000, 0x000000070b300000| Untracked 
| 170|0x000000070b400000, 0x000000070b400000, 0x000000070b500000|  0%| F|  |TAMS 0x000000070b400000, 0x000000070b400000| Untracked 
| 171|0x000000070b500000, 0x000000070b500000, 0x000000070b600000|  0%| F|  |TAMS 0x000000070b500000, 0x000000070b500000| Untracked 
| 172|0x000000070b600000, 0x000000070b600000, 0x000000070b700000|  0%| F|  |TAMS 0x000000070b600000, 0x000000070b600000| Untracked 
| 173|0x000000070b700000, 0x000000070b700000, 0x000000070b800000|  0%| F|  |TAMS 0x000000070b700000, 0x000000070b700000| Untracked 
| 174|0x000000070b800000, 0x000000070b800000, 0x000000070b900000|  0%| F|  |TAMS 0x000000070b800000, 0x000000070b800000| Untracked 
| 175|0x000000070b900000, 0x000000070b900000, 0x000000070ba00000|  0%| F|  |TAMS 0x000000070b900000, 0x000000070b900000| Untracked 
| 176|0x000000070ba00000, 0x000000070ba00000, 0x000000070bb00000|  0%| F|  |TAMS 0x000000070ba00000, 0x000000070ba00000| Untracked 
| 177|0x000000070bb00000, 0x000000070bb00000, 0x000000070bc00000|  0%| F|  |TAMS 0x000000070bb00000, 0x000000070bb00000| Untracked 
| 178|0x000000070bc00000, 0x000000070bc00000, 0x000000070bd00000|  0%| F|  |TAMS 0x000000070bc00000, 0x000000070bc00000| Untracked 
| 179|0x000000070bd00000, 0x000000070bd00000, 0x000000070be00000|  0%| F|  |TAMS 0x000000070bd00000, 0x000000070bd00000| Untracked 
| 180|0x000000070be00000, 0x000000070be00000, 0x000000070bf00000|  0%| F|  |TAMS 0x000000070be00000, 0x000000070be00000| Untracked 
| 181|0x000000070bf00000, 0x000000070bf00000, 0x000000070c000000|  0%| F|  |TAMS 0x000000070bf00000, 0x000000070bf00000| Untracked 
| 182|0x000000070c000000, 0x000000070c000000, 0x000000070c100000|  0%| F|  |TAMS 0x000000070c000000, 0x000000070c000000| Untracked 
| 183|0x000000070c100000, 0x000000070c100000, 0x000000070c200000|  0%| F|  |TAMS 0x000000070c100000, 0x000000070c100000| Untracked 
| 184|0x000000070c200000, 0x000000070c200000, 0x000000070c300000|  0%| F|  |TAMS 0x000000070c200000, 0x000000070c200000| Untracked 
| 185|0x000000070c300000, 0x000000070c300000, 0x000000070c400000|  0%| F|  |TAMS 0x000000070c300000, 0x000000070c300000| Untracked 
| 186|0x000000070c400000, 0x000000070c400000, 0x000000070c500000|  0%| F|  |TAMS 0x000000070c400000, 0x000000070c400000| Untracked 
| 187|0x000000070c500000, 0x000000070c500000, 0x000000070c600000|  0%| F|  |TAMS 0x000000070c500000, 0x000000070c500000| Untracked 
| 188|0x000000070c600000, 0x000000070c600000, 0x000000070c700000|  0%| F|  |TAMS 0x000000070c600000, 0x000000070c600000| Untracked 
| 189|0x000000070c700000, 0x000000070c700000, 0x000000070c800000|  0%| F|  |TAMS 0x000000070c700000, 0x000000070c700000| Untracked 
| 190|0x000000070c800000, 0x000000070c800000, 0x000000070c900000|  0%| F|  |TAMS 0x000000070c800000, 0x000000070c800000| Untracked 
| 191|0x000000070c900000, 0x000000070c900000, 0x000000070ca00000|  0%| F|  |TAMS 0x000000070c900000, 0x000000070c900000| Untracked 
| 192|0x000000070ca00000, 0x000000070ca00000, 0x000000070cb00000|  0%| F|  |TAMS 0x000000070ca00000, 0x000000070ca00000| Untracked 
| 193|0x000000070cb00000, 0x000000070cb00000, 0x000000070cc00000|  0%| F|  |TAMS 0x000000070cb00000, 0x000000070cb00000| Untracked 
| 194|0x000000070cc00000, 0x000000070cc00000, 0x000000070cd00000|  0%| F|  |TAMS 0x000000070cc00000, 0x000000070cc00000| Untracked 
| 195|0x000000070cd00000, 0x000000070cd00000, 0x000000070ce00000|  0%| F|  |TAMS 0x000000070cd00000, 0x000000070cd00000| Untracked 
| 196|0x000000070ce00000, 0x000000070ce00000, 0x000000070cf00000|  0%| F|  |TAMS 0x000000070ce00000, 0x000000070ce00000| Untracked 
| 197|0x000000070cf00000, 0x000000070cf00000, 0x000000070d000000|  0%| F|  |TAMS 0x000000070cf00000, 0x000000070cf00000| Untracked 
| 198|0x000000070d000000, 0x000000070d000000, 0x000000070d100000|  0%| F|  |TAMS 0x000000070d000000, 0x000000070d000000| Untracked 
| 199|0x000000070d100000, 0x000000070d100000, 0x000000070d200000|  0%| F|  |TAMS 0x000000070d100000, 0x000000070d100000| Untracked 
| 200|0x000000070d200000, 0x000000070d200000, 0x000000070d300000|  0%| F|  |TAMS 0x000000070d200000, 0x000000070d200000| Untracked 
| 201|0x000000070d300000, 0x000000070d300000, 0x000000070d400000|  0%| F|  |TAMS 0x000000070d300000, 0x000000070d300000| Untracked 
| 202|0x000000070d400000, 0x000000070d400000, 0x000000070d500000|  0%| F|  |TAMS 0x000000070d400000, 0x000000070d400000| Untracked 
| 203|0x000000070d500000, 0x000000070d500000, 0x000000070d600000|  0%| F|  |TAMS 0x000000070d500000, 0x000000070d500000| Untracked 
| 204|0x000000070d600000, 0x000000070d600000, 0x000000070d700000|  0%| F|  |TAMS 0x000000070d600000, 0x000000070d600000| Untracked 
| 205|0x000000070d700000, 0x000000070d700000, 0x000000070d800000|  0%| F|  |TAMS 0x000000070d700000, 0x000000070d700000| Untracked 
| 206|0x000000070d800000, 0x000000070d800000, 0x000000070d900000|  0%| F|  |TAMS 0x000000070d800000, 0x000000070d800000| Untracked 
| 207|0x000000070d900000, 0x000000070d900000, 0x000000070da00000|  0%| F|  |TAMS 0x000000070d900000, 0x000000070d900000| Untracked 
| 208|0x000000070da00000, 0x000000070da00000, 0x000000070db00000|  0%| F|  |TAMS 0x000000070da00000, 0x000000070da00000| Untracked 
| 209|0x000000070db00000, 0x000000070db00000, 0x000000070dc00000|  0%| F|  |TAMS 0x000000070db00000, 0x000000070db00000| Untracked 
| 210|0x000000070dc00000, 0x000000070dc00000, 0x000000070dd00000|  0%| F|  |TAMS 0x000000070dc00000, 0x000000070dc00000| Untracked 
| 211|0x000000070dd00000, 0x000000070dd00000, 0x000000070de00000|  0%| F|  |TAMS 0x000000070dd00000, 0x000000070dd00000| Untracked 
| 212|0x000000070de00000, 0x000000070de00000, 0x000000070df00000|  0%| F|  |TAMS 0x000000070de00000, 0x000000070de00000| Untracked 
| 213|0x000000070df00000, 0x000000070df00000, 0x000000070e000000|  0%| F|  |TAMS 0x000000070df00000, 0x000000070df00000| Untracked 
| 214|0x000000070e000000, 0x000000070e000000, 0x000000070e100000|  0%| F|  |TAMS 0x000000070e000000, 0x000000070e000000| Untracked 
| 215|0x000000070e100000, 0x000000070e100000, 0x000000070e200000|  0%| F|  |TAMS 0x000000070e100000, 0x000000070e100000| Untracked 
| 216|0x000000070e200000, 0x000000070e200000, 0x000000070e300000|  0%| F|  |TAMS 0x000000070e200000, 0x000000070e200000| Untracked 
| 217|0x000000070e300000, 0x000000070e300000, 0x000000070e400000|  0%| F|  |TAMS 0x000000070e300000, 0x000000070e300000| Untracked 
| 218|0x000000070e400000, 0x000000070e400000, 0x000000070e500000|  0%| F|  |TAMS 0x000000070e400000, 0x000000070e400000| Untracked 
| 219|0x000000070e500000, 0x000000070e500000, 0x000000070e600000|  0%| F|  |TAMS 0x000000070e500000, 0x000000070e500000| Untracked 
| 220|0x000000070e600000, 0x000000070e600000, 0x000000070e700000|  0%| F|  |TAMS 0x000000070e600000, 0x000000070e600000| Untracked 
| 221|0x000000070e700000, 0x000000070e700000, 0x000000070e800000|  0%| F|  |TAMS 0x000000070e700000, 0x000000070e700000| Untracked 
| 222|0x000000070e800000, 0x000000070e800000, 0x000000070e900000|  0%| F|  |TAMS 0x000000070e800000, 0x000000070e800000| Untracked 
| 223|0x000000070e900000, 0x000000070e900000, 0x000000070ea00000|  0%| F|  |TAMS 0x000000070e900000, 0x000000070e900000| Untracked 
| 224|0x000000070ea00000, 0x000000070ea00000, 0x000000070eb00000|  0%| F|  |TAMS 0x000000070ea00000, 0x000000070ea00000| Untracked 
| 225|0x000000070eb00000, 0x000000070eb00000, 0x000000070ec00000|  0%| F|  |TAMS 0x000000070eb00000, 0x000000070eb00000| Untracked 
| 226|0x000000070ec00000, 0x000000070ec00000, 0x000000070ed00000|  0%| F|  |TAMS 0x000000070ec00000, 0x000000070ec00000| Untracked 
| 227|0x000000070ed00000, 0x000000070ed00000, 0x000000070ee00000|  0%| F|  |TAMS 0x000000070ed00000, 0x000000070ed00000| Untracked 
| 228|0x000000070ee00000, 0x000000070ee00000, 0x000000070ef00000|  0%| F|  |TAMS 0x000000070ee00000, 0x000000070ee00000| Untracked 
| 229|0x000000070ef00000, 0x000000070ef00000, 0x000000070f000000|  0%| F|  |TAMS 0x000000070ef00000, 0x000000070ef00000| Untracked 
| 230|0x000000070f000000, 0x000000070f000000, 0x000000070f100000|  0%| F|  |TAMS 0x000000070f000000, 0x000000070f000000| Untracked 
| 231|0x000000070f100000, 0x000000070f100000, 0x000000070f200000|  0%| F|  |TAMS 0x000000070f100000, 0x000000070f100000| Untracked 
| 232|0x000000070f200000, 0x000000070f200000, 0x000000070f300000|  0%| F|  |TAMS 0x000000070f200000, 0x000000070f200000| Untracked 
| 233|0x000000070f300000, 0x000000070f300000, 0x000000070f400000|  0%| F|  |TAMS 0x000000070f300000, 0x000000070f300000| Untracked 
| 234|0x000000070f400000, 0x000000070f400000, 0x000000070f500000|  0%| F|  |TAMS 0x000000070f400000, 0x000000070f400000| Untracked 
| 235|0x000000070f500000, 0x000000070f500000, 0x000000070f600000|  0%| F|  |TAMS 0x000000070f500000, 0x000000070f500000| Untracked 
| 236|0x000000070f600000, 0x000000070f600000, 0x000000070f700000|  0%| F|  |TAMS 0x000000070f600000, 0x000000070f600000| Untracked 
| 237|0x000000070f700000, 0x000000070f700000, 0x000000070f800000|  0%| F|  |TAMS 0x000000070f700000, 0x000000070f700000| Untracked 
| 238|0x000000070f800000, 0x000000070f800000, 0x000000070f900000|  0%| F|  |TAMS 0x000000070f800000, 0x000000070f800000| Untracked 
| 239|0x000000070f900000, 0x000000070f900000, 0x000000070fa00000|  0%| F|  |TAMS 0x000000070f900000, 0x000000070f900000| Untracked 
| 240|0x000000070fa00000, 0x000000070fa00000, 0x000000070fb00000|  0%| F|  |TAMS 0x000000070fa00000, 0x000000070fa00000| Untracked 
| 241|0x000000070fb00000, 0x000000070fb00000, 0x000000070fc00000|  0%| F|  |TAMS 0x000000070fb00000, 0x000000070fb00000| Untracked 
| 242|0x000000070fc00000, 0x000000070fc00000, 0x000000070fd00000|  0%| F|  |TAMS 0x000000070fc00000, 0x000000070fc00000| Untracked 
| 243|0x000000070fd00000, 0x000000070fd00000, 0x000000070fe00000|  0%| F|  |TAMS 0x000000070fd00000, 0x000000070fd00000| Untracked 
| 244|0x000000070fe00000, 0x000000070fe00000, 0x000000070ff00000|  0%| F|  |TAMS 0x000000070fe00000, 0x000000070fe00000| Untracked 
| 245|0x000000070ff00000, 0x000000070ff00000, 0x0000000710000000|  0%| F|  |TAMS 0x000000070ff00000, 0x000000070ff00000| Untracked 
| 246|0x0000000710000000, 0x0000000710000000, 0x0000000710100000|  0%| F|  |TAMS 0x0000000710000000, 0x0000000710000000| Untracked 
| 247|0x0000000710100000, 0x0000000710100000, 0x0000000710200000|  0%| F|  |TAMS 0x0000000710100000, 0x0000000710100000| Untracked 
| 248|0x0000000710200000, 0x0000000710200000, 0x0000000710300000|  0%| F|  |TAMS 0x0000000710200000, 0x0000000710200000| Untracked 
| 249|0x0000000710300000, 0x0000000710400000, 0x0000000710400000|100%| E|  |TAMS 0x0000000710300000, 0x0000000710300000| Complete 
| 250|0x0000000710400000, 0x0000000710500000, 0x0000000710500000|100%| E|CS|TAMS 0x0000000710400000, 0x0000000710400000| Complete 
| 251|0x0000000710500000, 0x0000000710600000, 0x0000000710600000|100%| E|CS|TAMS 0x0000000710500000, 0x0000000710500000| Complete 
| 252|0x0000000710600000, 0x0000000710700000, 0x0000000710700000|100%| E|CS|TAMS 0x0000000710600000, 0x0000000710600000| Complete 
| 253|0x0000000710700000, 0x0000000710800000, 0x0000000710800000|100%| E|CS|TAMS 0x0000000710700000, 0x0000000710700000| Complete 
| 254|0x0000000710800000, 0x0000000710900000, 0x0000000710900000|100%| E|CS|TAMS 0x0000000710800000, 0x0000000710800000| Complete 
| 255|0x0000000710900000, 0x0000000710a00000, 0x0000000710a00000|100%| E|CS|TAMS 0x0000000710900000, 0x0000000710900000| Complete 

Card table byte_map: [0x00000246d3e90000,0x00000246d4690000] _byte_map_base: 0x00000246d068b000

Marking Bits (Prev, Next): (CMBitMap*) 0x00000246b9d38748, (CMBitMap*) 0x00000246b9d38780
 Prev Bits: [0x00000246d4e90000, 0x00000246d8e68000)
 Next Bits: [0x00000246d8e70000, 0x00000246dce48000)

Polling page: 0x00000246b9db0000

Metaspace:

Usage:
  Non-class:      9.16 MB capacity,     9.02 MB ( 98%) used,   123.89 KB (  1%) free+waste,    22.94 KB ( <1%) overhead. 
      Class:      1.08 MB capacity,   976.25 KB ( 88%) used,   119.69 KB ( 11%) free+waste,    12.06 KB (  1%) overhead. 
       Both:     10.24 MB capacity,     9.97 MB ( 97%) used,   243.58 KB (  2%) free+waste,    35.00 KB ( <1%) overhead. 

Virtual space:
  Non-class space:       14.00 MB reserved,       9.25 MB ( 66%) committed 
      Class space:        1.00 GB reserved,       1.12 MB ( <1%) committed 
             Both:        1.01 GB reserved,      10.38 MB ( <1%) committed 

Chunk freelists:
   Non-Class:  26.00 KB
       Class:  0 bytes
        Both:  26.00 KB

MaxMetaspaceSize: 17179869184.00 GB
CompressedClassSpaceSize: 1.00 GB
Initial GC threshold: 20.80 MB
Current GC threshold: 20.80 MB
CDS: off

CodeHeap 'non-profiled nmethods': size=120000Kb used=187Kb max_used=187Kb free=119812Kb
 bounds [0x00000246cb6f0000, 0x00000246cb960000, 0x00000246d2c20000]
CodeHeap 'profiled nmethods': size=120000Kb used=869Kb max_used=869Kb free=119130Kb
 bounds [0x00000246c41c0000, 0x00000246c4430000, 0x00000246cb6f0000]
CodeHeap 'non-nmethods': size=5760Kb used=1181Kb max_used=1193Kb free=4579Kb
 bounds [0x00000246c3c20000, 0x00000246c3e90000, 0x00000246c41c0000]
 total_blobs=1020 nmethods=572 adapters=361
 compilation: enabled
              stopped_count=0, restarted_count=0
 full_count=0

Compilation events (20 events):
Event: 0.454 Thread 0x00000246e02f0000  541       3       java.lang.StringLatin1::getChar (9 bytes)
Event: 0.454 Thread 0x00000246e02f0000 nmethod 541 0x00000246c428ca10 code [0x00000246c428cbc0, 0x00000246c428ccd8]
Event: 0.454 Thread 0x00000246e02f0000  543       3       java.lang.String::compareTo (9 bytes)
Event: 0.454 Thread 0x00000246e0975000 nmethod 542 0x00000246cb71ad10 code [0x00000246cb71aea0, 0x00000246cb71aef8]
Event: 0.454 Thread 0x00000246e0975000  527       4       jdk.internal.org.objectweb.asm.ClassWriter::put (152 bytes)
Event: 0.454 Thread 0x00000246e02f0000 nmethod 543 0x00000246c428cd90 code [0x00000246c428cf60, 0x00000246c428d188]
Event: 0.454 Thread 0x00000246e02f0000  545       3       java.lang.String::compareTo (63 bytes)
Event: 0.455 Thread 0x00000246e02f0000 nmethod 545 0x00000246c428d290 code [0x00000246c428d520, 0x00000246c428df38]
Event: 0.455 Thread 0x00000246e02f0000  549       3       java.util.HashSet::add (20 bytes)
Event: 0.455 Thread 0x00000246e02f0000 nmethod 549 0x00000246c428e390 code [0x00000246c428e560, 0x00000246c428e7a8]
Event: 0.455 Thread 0x00000246e02f0000  546       3       java.lang.StringLatin1::compareTo (14 bytes)
Event: 0.455 Thread 0x00000246e02f0000 nmethod 546 0x00000246c428e890 code [0x00000246c428ea40, 0x00000246c428eb68]
Event: 0.455 Thread 0x00000246e02f0000  550       1       java.util.concurrent.atomic.AtomicInteger::get (5 bytes)
Event: 0.455 Thread 0x00000246e02f0000 nmethod 550 0x00000246cb71b010 code [0x00000246cb71b1c0, 0x00000246cb71b278]
Event: 0.455 Thread 0x00000246e02f0000  547       1       java.util.HashMap$Node::getKey (5 bytes)
Event: 0.455 Thread 0x00000246e02f0000 nmethod 547 0x00000246cb71b310 code [0x00000246cb71b4c0, 0x00000246cb71b578]
Event: 0.455 Thread 0x00000246e02f0000  548       1       java.util.HashMap$Node::getValue (5 bytes)
Event: 0.455 Thread 0x00000246e02f0000 nmethod 548 0x00000246cb71b610 code [0x00000246cb71b7c0, 0x00000246cb71b878]
Event: 0.456 Thread 0x00000246e02f0000  551       3       java.lang.String::isEmpty (14 bytes)
Event: 0.456 Thread 0x00000246e02f0000 nmethod 551 0x00000246c428ec90 code [0x00000246c428ee40, 0x00000246c428efb8]

GC Heap History (0 events):
No events

Deoptimization events (20 events):
Event: 0.096 Thread 0x00000246b9cd4000 DEOPT PACKING pc=0x00000246cb6f44a0 sp=0x0000009e4b2fd420
Event: 0.096 Thread 0x00000246b9cd4000 DEOPT UNPACKING pc=0x00000246c3c6a1af sp=0x0000009e4b2fd3b8 mode 2
Event: 0.151 Thread 0x00000246b9cd4000 DEOPT PACKING pc=0x00000246c41e78cb sp=0x0000009e4b2f7690
Event: 0.151 Thread 0x00000246b9cd4000 DEOPT UNPACKING pc=0x00000246c3c6a95e sp=0x0000009e4b2f6b60 mode 0
Event: 0.156 Thread 0x00000246b9cd4000 DEOPT PACKING pc=0x00000246c41e78cb sp=0x0000009e4b2f7690
Event: 0.156 Thread 0x00000246b9cd4000 DEOPT UNPACKING pc=0x00000246c3c6a95e sp=0x0000009e4b2f6b60 mode 0
Event: 0.156 Thread 0x00000246b9cd4000 DEOPT PACKING pc=0x00000246c41e7f0e sp=0x0000009e4b2f76c0
Event: 0.156 Thread 0x00000246b9cd4000 DEOPT UNPACKING pc=0x00000246c3c6a95e sp=0x0000009e4b2f6b60 mode 0
Event: 0.156 Thread 0x00000246b9cd4000 DEOPT PACKING pc=0x00000246c41e78cb sp=0x0000009e4b2f7690
Event: 0.156 Thread 0x00000246b9cd4000 DEOPT UNPACKING pc=0x00000246c3c6a95e sp=0x0000009e4b2f6b60 mode 0
Event: 0.156 Thread 0x00000246b9cd4000 DEOPT PACKING pc=0x00000246c41e7f0e sp=0x0000009e4b2f76c0
Event: 0.156 Thread 0x00000246b9cd4000 DEOPT UNPACKING pc=0x00000246c3c6a95e sp=0x0000009e4b2f6b60 mode 0
Event: 0.196 Thread 0x00000246b9cd4000 Uncommon trap: trap_request=0xffffff4d fr.pc=0x00000246cb6f6b14 relative=0x0000000000000074
Event: 0.196 Thread 0x00000246b9cd4000 Uncommon trap: reason=unstable_if action=reinterpret pc=0x00000246cb6f6b14 method=java.lang.String.isLatin1()Z @ 10 c2
Event: 0.196 Thread 0x00000246b9cd4000 DEOPT PACKING pc=0x00000246cb6f6b14 sp=0x0000009e4b2fac20
Event: 0.196 Thread 0x00000246b9cd4000 DEOPT UNPACKING pc=0x00000246c3c6a1af sp=0x0000009e4b2fab60 mode 2
Event: 0.439 Thread 0x00000246b9cd4000 Uncommon trap: trap_request=0xffffff4d fr.pc=0x00000246cb70d3b0 relative=0x0000000000000190
Event: 0.439 Thread 0x00000246b9cd4000 Uncommon trap: reason=unstable_if action=reinterpret pc=0x00000246cb70d3b0 method=java.lang.String.hashCode()I @ 22 c2
Event: 0.439 Thread 0x00000246b9cd4000 DEOPT PACKING pc=0x00000246cb70d3b0 sp=0x0000009e4b2fd520
Event: 0.439 Thread 0x00000246b9cd4000 DEOPT UNPACKING pc=0x00000246c3c6a1af sp=0x0000009e4b2fd4a8 mode 2

Classes redefined (0 events):
No events

Internal exceptions (11 events):
Event: 0.165 Thread 0x00000246b9cd4000 Exception <a 'java/lang/ClassNotFoundException'{0x0000000710607b80}: sun/awt/resources/spi/awtProvider> (0x0000000710607b80) thrown at [./src/hotspot/share/classfile/systemDictionary.cpp, line 230]
Event: 0.196 Thread 0x00000246b9cd4000 Exception <a 'java/io/FileNotFoundException'{0x00000007106a15a0}> (0x00000007106a15a0) thrown at [./src/hotspot/share/prims/jni.cpp, line 617]
Event: 0.206 Thread 0x00000246b9cd4000 Exception <a 'java/lang/NoSuchMethodError'{0x00000007106fc8c0}: 'java.lang.Object java.lang.invoke.DirectMethodHandle$Holder.invokeStatic(java.lang.Object, java.lang.Object, java.lang.Object, java.lang.Object, java.lang.Object, java.lang.Object, java.lang.Object, java.lang.Object, java.lang.Object, java.lang.Object, java.lang.Object, java.lang.Object, java.lang.Object, java.lang.Object, java.lang.Object)'> (0x00000007106fc8c0) thrown at [./src/hotspot/share/interpreter/linkResolver.cpp, line 773]
Event: 0.208 Thread 0x00000246b9cd4000 Exception <a 'java/lang/NoSuchMethodError'{0x000000071050afc0}: 'java.lang.Object java.lang.invoke.DirectMethodHandle$Holder.invokeStatic(java.lang.Object, java.lang.Object, java.lang.Object, java.lang.Object, java.lang.Object, java.lang.Object, java.lang.Object, java.lang.Object, java.lang.Object, java.lang.Object, java.lang.Object, java.lang.Object, java.lang.Object, java.lang.Object, java.lang.Object, java.lang.Object)'> (0x000000071050afc0) thrown at [./src/hotspot/share/interpreter/linkResolver.cpp, l
Event: 0.209 Thread 0x00000246b9cd4000 Exception <a 'java/lang/NoSuchMethodError'{0x0000000710518c30}: 'java.lang.Object java.lang.invoke.DirectMethodHandle$Holder.invokeSpecial(java.lang.Object, java.lang.Object, int, int, java.lang.Object, java.lang.Object, java.lang.Object)'> (0x0000000710518c30) thrown at [./src/hotspot/share/interpreter/linkResolver.cpp, line 773]
Event: 0.210 Thread 0x00000246b9cd4000 Exception <a 'java/lang/NoSuchMethodError'{0x000000071051c1c0}: 'java.lang.Object java.lang.invoke.DelegatingMethodHandle$Holder.reinvoke_L(java.lang.Object, int, int, java.lang.Object, java.lang.Object, java.lang.Object)'> (0x000000071051c1c0) thrown at [./src/hotspot/share/interpreter/linkResolver.cpp, line 773]
Event: 0.211 Thread 0x00000246b9cd4000 Exception <a 'java/lang/NoSuchMethodError'{0x00000007105202a0}: 'java.lang.Object java.lang.invoke.DirectMethodHandle$Holder.invokeStatic(java.lang.Object, java.lang.Object, java.lang.Object, java.lang.Object, int)'> (0x00000007105202a0) thrown at [./src/hotspot/share/interpreter/linkResolver.cpp, line 773]
Event: 0.218 Thread 0x00000246b9cd4000 Exception <a 'java/io/FileNotFoundException'{0x0000000710582ed8}> (0x0000000710582ed8) thrown at [./src/hotspot/share/prims/jni.cpp, line 617]
Event: 0.263 Thread 0x00000246e0a49800 Exception <a 'java/lang/NoSuchMethodError'{0x0000000710480790}: 'void java.lang.invoke.DirectMethodHandle$Holder.invokeSpecial(java.lang.Object, java.lang.Object)'> (0x0000000710480790) thrown at [./src/hotspot/share/interpreter/linkResolver.cpp, line 773]
Event: 0.266 Thread 0x00000246b9cd4000 Exception <a 'java/lang/NoSuchMethodError'{0x000000071042f3a8}: 'java.lang.Object java.lang.invoke.DirectMethodHandle$Holder.invokeStatic(java.lang.Object, java.lang.Object, java.lang.Object, java.lang.Object, java.lang.Object, java.lang.Object, java.lang.Object, java.lang.Object, int)'> (0x000000071042f3a8) thrown at [./src/hotspot/share/interpreter/linkResolver.cpp, line 773]
Event: 0.267 Thread 0x00000246b9cd4000 Exception <a 'java/lang/NoSuchMethodError'{0x0000000710449308}: 'java.lang.Object java.lang.invoke.DirectMethodHandle$Holder.invokeStatic(java.lang.Object, java.lang.Object, java.lang.Object, java.lang.Object, java.lang.Object, java.lang.Object, java.lang.Object, java.lang.Object, int, int)'> (0x0000000710449308) thrown at [./src/hotspot/share/interpreter/linkResolver.cpp, line 773]

Events (20 events):
Event: 0.455 loading class sun/swing/SwingUtilities2
Event: 0.455 loading class sun/swing/SwingUtilities2 done
Event: 0.455 loading class java/awt/font/FontRenderContext
Event: 0.455 loading class java/awt/font/FontRenderContext done
Event: 0.455 loading class sun/swing/StringUIClientPropertyKey
Event: 0.455 loading class javax/swing/UIClientPropertyKey
Event: 0.455 loading class javax/swing/UIClientPropertyKey done
Event: 0.455 loading class sun/swing/StringUIClientPropertyKey done
Event: 0.455 loading class sun/swing/SwingUtilities2$LSBCacheEntry
Event: 0.455 loading class sun/swing/SwingUtilities2$LSBCacheEntry done
Event: 0.456 loading class javax/swing/UIManager$LAFState
Event: 0.456 loading class javax/swing/UIManager$LAFState done
Event: 0.456 loading class javax/swing/UIDefaults
Event: 0.456 loading class javax/swing/UIDefaults done
Event: 0.456 loading class javax/swing/MultiUIDefaults
Event: 0.456 loading class javax/swing/MultiUIDefaults done
Event: 0.456 loading class sun/swing/SwingAccessor$UIDefaultsAccessor
Event: 0.456 loading class sun/swing/SwingAccessor$UIDefaultsAccessor done
Event: 0.456 loading class javax/swing/UIManager$1
Event: 0.456 loading class javax/swing/UIManager$1 done


Dynamic libraries:
0x00007ff66c690000 - 0x00007ff66c69d000 	C:\Program Files\Eclipse Adoptium\jdk-11.0.18.10-hotspot\bin\javaw.exe
0x00007ffc1da40000 - 0x00007ffc1dc49000 	C:\windows\SYSTEM32\ntdll.dll
0x00007ffc1ce10000 - 0x00007ffc1cece000 	C:\windows\System32\KERNEL32.DLL
0x00007ffc1b540000 - 0x00007ffc1b8bc000 	C:\windows\System32\KERNELBASE.dll
0x00007ffc1b210000 - 0x00007ffc1b321000 	C:\windows\System32\ucrtbase.dll
0x00007ffc17d50000 - 0x00007ffc17d67000 	C:\Program Files\Eclipse Adoptium\jdk-11.0.18.10-hotspot\bin\jli.dll
0x00007ffbfb750000 - 0x00007ffbfb769000 	C:\Program Files\Eclipse Adoptium\jdk-11.0.18.10-hotspot\bin\VCRUNTIME140.dll
0x00007ffc1c7c0000 - 0x00007ffc1c96d000 	C:\windows\System32\USER32.dll
0x00007ffc1afd0000 - 0x00007ffc1aff6000 	C:\windows\System32\win32u.dll
0x00007ffc1b980000 - 0x00007ffc1b9a9000 	C:\windows\System32\GDI32.dll
0x00007ffc1b420000 - 0x00007ffc1b538000 	C:\windows\System32\gdi32full.dll
0x00007ffc1b000000 - 0x00007ffc1b09d000 	C:\windows\System32\msvcp_win.dll
0x00007ffc0b270000 - 0x00007ffc0b515000 	C:\windows\WinSxS\amd64_microsoft.windows.common-controls_6595b64144ccf1df_6.0.22000.120_none_9d947278b86cc467\COMCTL32.dll
0x00007ffc1b9b0000 - 0x00007ffc1ba53000 	C:\windows\System32\msvcrt.dll
0x00007ffc1d830000 - 0x00007ffc1d862000 	C:\windows\System32\IMM32.DLL
0x00007ffc15ca0000 - 0x00007ffc15cac000 	C:\Program Files\Eclipse Adoptium\jdk-11.0.18.10-hotspot\bin\vcruntime140_1.dll
0x00007ffbf0740000 - 0x00007ffbf07d1000 	C:\Program Files\Eclipse Adoptium\jdk-11.0.18.10-hotspot\bin\msvcp140.dll
0x00007ffbca5c0000 - 0x00007ffbcb17a000 	C:\Program Files\Eclipse Adoptium\jdk-11.0.18.10-hotspot\bin\server\jvm.dll
0x00007ffc1cc00000 - 0x00007ffc1ccae000 	C:\windows\System32\ADVAPI32.dll
0x00007ffc1ced0000 - 0x00007ffc1cf6e000 	C:\windows\System32\sechost.dll
0x00007ffc1d880000 - 0x00007ffc1d9a0000 	C:\windows\System32\RPCRT4.dll
0x00007ffc1d870000 - 0x00007ffc1d878000 	C:\windows\System32\PSAPI.DLL
0x00007ffc11980000 - 0x00007ffc119b3000 	C:\windows\SYSTEM32\WINMM.dll
0x00007ffc05cf0000 - 0x00007ffc05cf9000 	C:\windows\SYSTEM32\WSOCK32.dll
0x00007ffc14cb0000 - 0x00007ffc14cba000 	C:\windows\SYSTEM32\VERSION.dll
0x00007ffc1cda0000 - 0x00007ffc1ce0f000 	C:\windows\System32\WS2_32.dll
0x00007ffc1a080000 - 0x00007ffc1a098000 	C:\windows\SYSTEM32\kernel.appcore.dll
0x00007ffc07b90000 - 0x00007ffc07ba0000 	C:\Program Files\Eclipse Adoptium\jdk-11.0.18.10-hotspot\bin\verify.dll
0x00007ffc0b520000 - 0x00007ffc0b741000 	C:\windows\SYSTEM32\DBGHELP.DLL
0x00007ffc0f4a0000 - 0x00007ffc0f4d1000 	C:\windows\SYSTEM32\dbgcore.DLL
0x00007ffc1b330000 - 0x00007ffc1b3af000 	C:\windows\System32\bcryptPrimitives.dll
0x00007ffbf2300000 - 0x00007ffbf2328000 	C:\Program Files\Eclipse Adoptium\jdk-11.0.18.10-hotspot\bin\java.dll
0x00007ffc07200000 - 0x00007ffc0720a000 	C:\Program Files\Eclipse Adoptium\jdk-11.0.18.10-hotspot\bin\jimage.dll
0x00007ffbf1400000 - 0x00007ffbf1418000 	C:\Program Files\Eclipse Adoptium\jdk-11.0.18.10-hotspot\bin\zip.dll
0x00007ffc1bb50000 - 0x00007ffc1c315000 	C:\windows\System32\SHELL32.dll
0x00007ffc19010000 - 0x00007ffc19875000 	C:\windows\SYSTEM32\windows.storage.dll
0x00007ffc1c440000 - 0x00007ffc1c7b8000 	C:\windows\System32\combase.dll
0x00007ffc18ea0000 - 0x00007ffc19006000 	C:\windows\SYSTEM32\wintypes.dll
0x00007ffc1ccb0000 - 0x00007ffc1cd9a000 	C:\windows\System32\SHCORE.dll
0x00007ffc1b920000 - 0x00007ffc1b97d000 	C:\windows\System32\shlwapi.dll
0x00007ffc1ae40000 - 0x00007ffc1ae61000 	C:\windows\SYSTEM32\profapi.dll
0x00007ffbf13e0000 - 0x00007ffbf13f9000 	C:\Program Files\Eclipse Adoptium\jdk-11.0.18.10-hotspot\bin\net.dll
0x00007ffc15b20000 - 0x00007ffc15c34000 	C:\windows\SYSTEM32\WINHTTP.dll
0x00007ffc1a520000 - 0x00007ffc1a587000 	C:\windows\system32\mswsock.dll
0x00007ffbf13c0000 - 0x00007ffbf13d3000 	C:\Program Files\Eclipse Adoptium\jdk-11.0.18.10-hotspot\bin\nio.dll
0x00007ffbefc90000 - 0x00007ffbefe11000 	C:\Program Files\Eclipse Adoptium\jdk-11.0.18.10-hotspot\bin\awt.dll
0x00007ffc1ba60000 - 0x00007ffc1bb36000 	C:\windows\System32\OLEAUT32.dll
0x00007ffc18460000 - 0x00007ffc184f1000 	C:\windows\SYSTEM32\apphelp.dll
0x00007ffc18ba0000 - 0x00007ffc18bcf000 	C:\windows\system32\DWMAPI.DLL
0x00007ffc18560000 - 0x00007ffc1860c000 	C:\windows\system32\uxtheme.dll
0x00007ffbefb80000 - 0x00007ffbefc81000 	C:\windows\system32\opengl32.dll
0x00007ffbf11b0000 - 0x00007ffbf11dd000 	C:\windows\SYSTEM32\GLU32.dll
0x00007ffc18810000 - 0x00007ffc18848000 	C:\windows\SYSTEM32\dxcore.dll
0x00007ffc1ca50000 - 0x00007ffc1cb6d000 	C:\windows\System32\MSCTF.dll
0x00007ffc1cf70000 - 0x00007ffc1d10a000 	C:\windows\System32\ole32.dll
0x00007ffbf4670000 - 0x00007ffbf4816000 	C:\windows\system32\d3d9.dll
0x00007ffc124c0000 - 0x00007ffc125c2000 	C:\windows\System32\DriverStore\FileRepository\nv_dispi.inf_amd64_60daf66a00f2e0b6\nvldumdx.dll
0x00007ffc1a7c0000 - 0x00007ffc1a7d2000 	C:\windows\SYSTEM32\msasn1.dll
0x00007ffc144f0000 - 0x00007ffc14521000 	C:\windows\SYSTEM32\cryptnet.dll
0x00007ffc1b0a0000 - 0x00007ffc1b202000 	C:\windows\System32\CRYPT32.dll
0x00007ffc1a760000 - 0x00007ffc1a76c000 	C:\windows\SYSTEM32\cryptbase.dll
0x00007ffc1b3b0000 - 0x00007ffc1b418000 	C:\windows\System32\WINTRUST.DLL
0x00007ffc1c390000 - 0x00007ffc1c3af000 	C:\windows\System32\imagehlp.dll
0x00007ffc1a770000 - 0x00007ffc1a788000 	C:\windows\SYSTEM32\CRYPTSP.dll
0x00007ffc19fe0000 - 0x00007ffc1a015000 	C:\windows\system32\rsaenh.dll
0x00007ffc1a8f0000 - 0x00007ffc1a917000 	C:\windows\SYSTEM32\bcrypt.dll
0x00007ffbc8ba0000 - 0x00007ffbca5bb000 	C:\windows\System32\DriverStore\FileRepository\nv_dispi.inf_amd64_60daf66a00f2e0b6\nvd3dumx.dll
0x00007ffc15a50000 - 0x00007ffc15a94000 	C:\windows\SYSTEM32\directxdatabasehelper.dll
0x00007ffc1a0a0000 - 0x00007ffc1a0d4000 	C:\windows\SYSTEM32\ntmarta.dll
0x00007ffc1a5b0000 - 0x00007ffc1a5d4000 	C:\windows\SYSTEM32\gpapi.dll

dbghelp: loaded successfully - version: 4.0.5 - missing functions: none
symbol engine: initialized successfully - sym options: 0x614 - pdb path: .;C:\Program Files\Eclipse Adoptium\jdk-11.0.18.10-hotspot\bin;C:\windows\SYSTEM32;C:\windows\WinSxS\amd64_microsoft.windows.common-controls_6595b64144ccf1df_6.0.22000.120_none_9d947278b86cc467;C:\Program Files\Eclipse Adoptium\jdk-11.0.18.10-hotspot\bin\server;C:\windows\System32\DriverStore\FileRepository\nv_dispi.inf_amd64_60daf66a00f2e0b6

VM Arguments:
jvm_args: -Dfile.encoding=UTF-8 
java_command: main.Main
java_class_path (initial): C:\Users\Administrator\eclipse-workspace\oracle\target\classes;C:\Users\Administrator\.p2\pool\plugins\junit-jupiter-api_5.9.1.jar;C:\Users\Administrator\.p2\pool\plugins\junit-jupiter-engine_5.9.1.jar;C:\Users\Administrator\.p2\pool\plugins\junit-jupiter-migrationsupport_5.9.1.jar;C:\Users\Administrator\.p2\pool\plugins\junit-jupiter-params_5.9.1.jar;C:\Users\Administrator\.p2\pool\plugins\junit-platform-commons_1.9.1.jar;C:\Users\Administrator\.p2\pool\plugins\junit-platform-engine_1.9.1.jar;C:\Users\Administrator\.p2\pool\plugins\junit-platform-launcher_1.9.1.jar;C:\Users\Administrator\.p2\pool\plugins\junit-platform-runner_1.9.1.jar;C:\Users\Administrator\.p2\pool\plugins\junit-platform-suite-api_1.9.1.jar;C:\Users\Administrator\.p2\pool\plugins\junit-platform-suite-engine_1.9.1.jar;C:\Users\Administrator\.p2\pool\plugins\junit-platform-suite-commons_1.9.1.jar;C:\Users\Administrator\.p2\pool\plugins\junit-vintage-engine_5.9.1.jar;C:\Users\Administrator\.p2\pool\plugins\org.opentest4j_1.2.0.jar;C:\Users\Administrator\.p2\pool\plugins\org.apiguardian.api_1.1.2.jar;C:\Users\Administrator\.p2\pool\plugins\org.junit_4.13.2.v20211018-1956.jar;C:\Users\Administrator\.p2\pool\plugins\org.hamcrest.core_1.3.0.v20180420-1519.jar;C:\Users\Administrator\.m2\repository\org\mybatis\mybatis\3.5.9\mybatis-3.5.9.jar;C:\Users\Administrator\.m2\repository\org\apache\commons\commons-dbcp2\2.9.0\commons-dbcp2-2.9.0.jar;C:\Users\Administrator\.m2\repository\org\apache\commons\commons-pool2\2.10.0\commons-pool2-2.10.0.jar;C:\Users\Administrator\.m2\repository\commons-logging\commons-logging\1.2\commons-logging-1.2.jar;C:\Users\Administrator\.m2\repository\com\oracle\ojdbc7\12.1.0.2\ojdbc7-12.1.0.2.jar;C:\Users\Administrator\.m2\repository\org\projectlombok\lombok\1.18.12\lombok-1.18.12.jar
Launcher Type: SUN_STANDARD

[Global flags]
     intx CICompilerCount                          = 4                                         {product} {ergonomic}
     uint ConcGCThreads                            = 2                                         {product} {ergonomic}
     uint G1ConcRefinementThreads                  = 8                                         {product} {ergonomic}
   size_t G1HeapRegionSize                         = 1048576                                   {product} {ergonomic}
    uintx GCDrainStackTargetSize                   = 64                                        {product} {ergonomic}
   size_t InitialHeapSize                          = 268435456                                 {product} {ergonomic}
   size_t MarkStackSize                            = 4194304                                   {product} {ergonomic}
   size_t MaxHeapSize                              = 4284481536                                {product} {ergonomic}
   size_t MaxNewSize                               = 2570059776                                {product} {ergonomic}
   size_t MinHeapDeltaBytes                        = 1048576                                   {product} {ergonomic}
    uintx NonNMethodCodeHeapSize                   = 5836300                                {pd product} {ergonomic}
    uintx NonProfiledCodeHeapSize                  = 122910970                              {pd product} {ergonomic}
    uintx ProfiledCodeHeapSize                     = 122910970                              {pd product} {ergonomic}
    uintx ReservedCodeCacheSize                    = 251658240                              {pd product} {ergonomic}
     bool SegmentedCodeCache                       = true                                      {product} {ergonomic}
     bool UseCompressedClassPointers               = true                                 {lp64_product} {ergonomic}
     bool UseCompressedOops                        = true                                 {lp64_product} {ergonomic}
     bool UseG1GC                                  = true                                      {product} {ergonomic}
     bool UseLargePagesIndividualAllocation        = false                                  {pd product} {ergonomic}

Logging:
Log output configuration:
 #0: stdout all=warning uptime,level,tags
 #1: stderr all=off uptime,level,tags

Environment Variables:
JAVA_HOME=C:\Program Files\Eclipse Adoptium\jdk-11.0.18.10-hotspot\
PATH=C:/Users/Administrator/.p2/pool/plugins/org.eclipse.justj.openjdk.hotspot.jre.full.win32.x86_64_17.0.6.v20230125-1136/jre/bin/server;C:/Users/Administrator/.p2/pool/plugins/org.eclipse.justj.openjdk.hotspot.jre.full.win32.x86_64_17.0.6.v20230125-1136/jre/bin;C:\Program Files\Eclipse Adoptium\jdk-11.0.18.10-hotspot\bin;C:\Program Files (x86)\Common Files\Oracle\Java\javapath;C:\Windows\system32;C:\Windows;C:\Windows\System32\Wbem;C:\Windows\System32\WindowsPowerShell\v1.0\;C:\Windows\System32\OpenSSH\;C:\Program Files\Bandizip\;C:\Program Files (x86)\NVIDIA Corporation\PhysX\Common;C:\Users\Administrator\AppData\Local\Microsoft\WindowsApps;C:\Users\Administrator\AppData\Local\GitHubDesktop\bin;C:\Users\Administrator\AppData\Local\Programs\Microsoft VS Code\bin;C:\Users\Administrator\Desktop;
USERNAME=PKNU
OS=Windows_NT
PROCESSOR_IDENTIFIER=Intel64 Family 6 Model 94 Stepping 3, GenuineIntel
TMP=C:\Users\ADMINI~1\AppData\Local\Temp
TEMP=C:\Users\ADMINI~1\AppData\Local\Temp



---------------  S Y S T E M  ---------------

OS: Windows 11 , 64 bit Build 22000 (10.0.22000.1516)
OS uptime: 0 days 4:44 hours

CPU:total 8 (initial active 8) (4 cores per cpu, 2 threads per core) family 6 model 94 stepping 3 microcode 0xd6, cmov, cx8, fxsr, mmx, sse, sse2, sse3, ssse3, sse4.1, sse4.2, popcnt, avx, avx2, aes, clmul, erms, rtm, 3dnowpref, lzcnt, ht, tsc, tscinvbit, bmi1, bmi2, adx, fma

Memory: 4k page, system-wide physical 16342M (1385M free)
TotalPageFile size 44457M (AvailPageFile size 0M)
current process WorkingSet (physical memory assigned to process): 76M, peak: 76M
current process commit charge ("private bytes"): 368M, peak: 368M

vm_info: OpenJDK 64-Bit Server VM (11.0.18+10) for windows-amd64 JRE (11.0.18+10), built on Jan 18 2023 04:27:27 by "" with MS VC++ 16.7 (VS2019)

END.
