#
# There is insufficient memory for the Java Runtime Environment to continue.
# Native memory allocation (mmap) failed to map 268435456 bytes for Failed to commit area from 0x0000000700a00000 to 0x0000000710a00000 of length 268435456.
# Possible reasons:
#   The system is out of physical RAM or swap space
#   The process is running with CompressedOops enabled, and the Java Heap may be blocking the growth of the native heap
# Possible solutions:
#   Reduce memory load on the system
#   Increase physical memory or swap space
#   Check if swap backing store is full
#   Decrease Java heap size (-Xmx/-Xms)
#   Decrease number of Java threads
#   Decrease Java thread stack sizes (-Xss)
#   Set larger code cache with -XX:ReservedCodeCacheSize=
# This output file may be truncated or incomplete.
#
#  Out of Memory Error (./src/hotspot/os/windows/os_windows.cpp:3386), pid=23392, tid=22572
#
# JRE version:  (11.0.18+10) (build )
# Java VM: OpenJDK 64-Bit Server VM (11.0.18+10, mixed mode, sharing, tiered, compressed oops, g1 gc, windows-amd64)
# No core dump will be written. Minidumps are not enabled by default on client versions of Windows
#

---------------  S U M M A R Y ------------

Command Line: -Dfile.encoding=UTF-8 main.Main

Host: Intel(R) Core(TM) i7-6700 CPU @ 3.40GHz, 8 cores, 15G,  Windows 11 , 64 bit Build 22000 (10.0.22000.1516)
Time: Sat Mar 11 17:43:05 2023  Windows 11 , 64 bit Build 22000 (10.0.22000.1516) elapsed time: 0.016502 seconds (0d 0h 0m 0s)

---------------  T H R E A D  ---------------

Current thread (0x0000013054fd2800):  JavaThread "Unknown thread" [_thread_in_vm, id=22572, stack(0x0000001d8e000000,0x0000001d8e100000)]

Stack: [0x0000001d8e000000,0x0000001d8e100000]
Native frames: (J=compiled Java code, j=interpreted, Vv=VM code, C=native code)
V  [jvm.dll+0x64f2aa]
V  [jvm.dll+0x7e2769]
V  [jvm.dll+0x7e3e69]
V  [jvm.dll+0x7e4553]
V  [jvm.dll+0x26af95]
V  [jvm.dll+0x64c4c9]
V  [jvm.dll+0x640a25]
V  [jvm.dll+0x326c1c]
V  [jvm.dll+0x326aa2]
V  [jvm.dll+0x32b696]
V  [jvm.dll+0x3738c2]
V  [jvm.dll+0x373310]
V  [jvm.dll+0x3023c8]
V  [jvm.dll+0x3034c5]
V  [jvm.dll+0x7bb917]
V  [jvm.dll+0x7bd0df]
V  [jvm.dll+0x380c99]
V  [jvm.dll+0x79dc7f]
V  [jvm.dll+0x3f1dc7]
V  [jvm.dll+0x3f42b1]
C  [jli.dll+0x52c7]
C  [ucrtbase.dll+0x26c0c]
C  [KERNEL32.DLL+0x155a0]
C  [ntdll.dll+0x485b]


---------------  P R O C E S S  ---------------

Threads class SMR info:
_java_thread_list=0x0000013052e563f0, length=0, elements={
}

Java Threads: ( => current thread )

Other Threads:
  0x0000013054feb000 GCTaskThread "GC Thread#0" [stack: 0x0000001d8e100000,0x0000001d8e200000] [id=19776]
  0x0000013055049800 ConcurrentGCThread "G1 Main Marker" [stack: 0x0000001d8e200000,0x0000001d8e300000] [id=17916]
  0x0000013055051800 ConcurrentGCThread "G1 Conc#0" [stack: 0x0000001d8e300000,0x0000001d8e400000] [id=26116]

[error occurred during error reporting (printing all threads), id 0xc0000005, EXCEPTION_ACCESS_VIOLATION (0xc0000005) at pc=0x00007ffbca8d2de7]

VM state:not at safepoint (not fully initialized)

VM Mutex/Monitor currently owned by a thread:  ([mutex/lock_event])
[0x0000013054fcef30] Heap_lock - owner thread: 0x0000013054fd2800

Heap address: 0x0000000700a00000, size: 4086 MB, Compressed Oops mode: Non-zero based: 0x0000000700a00000
Narrow klass base: 0x0000000000000000, Narrow klass shift: 0

GC Heap History (0 events):
No events

Deoptimization events (0 events):
No events

Classes redefined (0 events):
No events

Internal exceptions (0 events):
No events

Events (1 events):
Event: 0.010 Loaded shared library C:\Program Files\Eclipse Adoptium\jdk-11.0.18.10-hotspot\bin\zip.dll


Dynamic libraries:
0x00007ff66c690000 - 0x00007ff66c69d000 	C:\Program Files\Eclipse Adoptium\jdk-11.0.18.10-hotspot\bin\javaw.exe
0x00007ffc1da40000 - 0x00007ffc1dc49000 	C:\windows\SYSTEM32\ntdll.dll
0x00007ffc1ce10000 - 0x00007ffc1cece000 	C:\windows\System32\KERNEL32.DLL
0x00007ffc1b540000 - 0x00007ffc1b8bc000 	C:\windows\System32\KERNELBASE.dll
0x00007ffc1b210000 - 0x00007ffc1b321000 	C:\windows\System32\ucrtbase.dll
0x00007ffbfb750000 - 0x00007ffbfb769000 	C:\Program Files\Eclipse Adoptium\jdk-11.0.18.10-hotspot\bin\VCRUNTIME140.dll
0x00007ffc17d50000 - 0x00007ffc17d67000 	C:\Program Files\Eclipse Adoptium\jdk-11.0.18.10-hotspot\bin\jli.dll
0x00007ffc1c7c0000 - 0x00007ffc1c96d000 	C:\windows\System32\USER32.dll
0x00007ffc1afd0000 - 0x00007ffc1aff6000 	C:\windows\System32\win32u.dll
0x00007ffc1b980000 - 0x00007ffc1b9a9000 	C:\windows\System32\GDI32.dll
0x00007ffc0b270000 - 0x00007ffc0b515000 	C:\windows\WinSxS\amd64_microsoft.windows.common-controls_6595b64144ccf1df_6.0.22000.120_none_9d947278b86cc467\COMCTL32.dll
0x00007ffc1b420000 - 0x00007ffc1b538000 	C:\windows\System32\gdi32full.dll
0x00007ffc1b9b0000 - 0x00007ffc1ba53000 	C:\windows\System32\msvcrt.dll
0x00007ffc1b000000 - 0x00007ffc1b09d000 	C:\windows\System32\msvcp_win.dll
0x00007ffc1d830000 - 0x00007ffc1d862000 	C:\windows\System32\IMM32.DLL
0x00007ffc15ca0000 - 0x00007ffc15cac000 	C:\Program Files\Eclipse Adoptium\jdk-11.0.18.10-hotspot\bin\vcruntime140_1.dll
0x00007ffbf0740000 - 0x00007ffbf07d1000 	C:\Program Files\Eclipse Adoptium\jdk-11.0.18.10-hotspot\bin\msvcp140.dll
0x00007ffbca5c0000 - 0x00007ffbcb17a000 	C:\Program Files\Eclipse Adoptium\jdk-11.0.18.10-hotspot\bin\server\jvm.dll
0x00007ffc1cc00000 - 0x00007ffc1ccae000 	C:\windows\System32\ADVAPI32.dll
0x00007ffc1ced0000 - 0x00007ffc1cf6e000 	C:\windows\System32\sechost.dll
0x00007ffc1d880000 - 0x00007ffc1d9a0000 	C:\windows\System32\RPCRT4.dll
0x00007ffc1d870000 - 0x00007ffc1d878000 	C:\windows\System32\PSAPI.DLL
0x00007ffc11980000 - 0x00007ffc119b3000 	C:\windows\SYSTEM32\WINMM.dll
0x00007ffc14cb0000 - 0x00007ffc14cba000 	C:\windows\SYSTEM32\VERSION.dll
0x00007ffc05cf0000 - 0x00007ffc05cf9000 	C:\windows\SYSTEM32\WSOCK32.dll
0x00007ffc1cda0000 - 0x00007ffc1ce0f000 	C:\windows\System32\WS2_32.dll
0x00007ffc1a080000 - 0x00007ffc1a098000 	C:\windows\SYSTEM32\kernel.appcore.dll
0x00007ffc07b90000 - 0x00007ffc07ba0000 	C:\Program Files\Eclipse Adoptium\jdk-11.0.18.10-hotspot\bin\verify.dll
0x00007ffc0b520000 - 0x00007ffc0b741000 	C:\windows\SYSTEM32\DBGHELP.DLL
0x00007ffc0f4a0000 - 0x00007ffc0f4d1000 	C:\windows\SYSTEM32\dbgcore.DLL
0x00007ffc1b330000 - 0x00007ffc1b3af000 	C:\windows\System32\bcryptPrimitives.dll
0x00007ffbf2300000 - 0x00007ffbf2328000 	C:\Program Files\Eclipse Adoptium\jdk-11.0.18.10-hotspot\bin\java.dll
0x00007ffc07200000 - 0x00007ffc0720a000 	C:\Program Files\Eclipse Adoptium\jdk-11.0.18.10-hotspot\bin\jimage.dll
0x00007ffbf1400000 - 0x00007ffbf1418000 	C:\Program Files\Eclipse Adoptium\jdk-11.0.18.10-hotspot\bin\zip.dll

dbghelp: loaded successfully - version: 4.0.5 - missing functions: none
symbol engine: initialized successfully - sym options: 0x614 - pdb path: .;C:\Program Files\Eclipse Adoptium\jdk-11.0.18.10-hotspot\bin;C:\windows\SYSTEM32;C:\windows\WinSxS\amd64_microsoft.windows.common-controls_6595b64144ccf1df_6.0.22000.120_none_9d947278b86cc467;C:\Program Files\Eclipse Adoptium\jdk-11.0.18.10-hotspot\bin\server

VM Arguments:
jvm_args: -Dfile.encoding=UTF-8 
java_command: main.Main
java_class_path (initial): C:\Users\Administrator\eclipse-workspace\oracle\target\classes;C:\Users\Administrator\.p2\pool\plugins\junit-jupiter-api_5.9.1.jar;C:\Users\Administrator\.p2\pool\plugins\junit-jupiter-engine_5.9.1.jar;C:\Users\Administrator\.p2\pool\plugins\junit-jupiter-migrationsupport_5.9.1.jar;C:\Users\Administrator\.p2\pool\plugins\junit-jupiter-params_5.9.1.jar;C:\Users\Administrator\.p2\pool\plugins\junit-platform-commons_1.9.1.jar;C:\Users\Administrator\.p2\pool\plugins\junit-platform-engine_1.9.1.jar;C:\Users\Administrator\.p2\pool\plugins\junit-platform-launcher_1.9.1.jar;C:\Users\Administrator\.p2\pool\plugins\junit-platform-runner_1.9.1.jar;C:\Users\Administrator\.p2\pool\plugins\junit-platform-suite-api_1.9.1.jar;C:\Users\Administrator\.p2\pool\plugins\junit-platform-suite-engine_1.9.1.jar;C:\Users\Administrator\.p2\pool\plugins\junit-platform-suite-commons_1.9.1.jar;C:\Users\Administrator\.p2\pool\plugins\junit-vintage-engine_5.9.1.jar;C:\Users\Administrator\.p2\pool\plugins\org.opentest4j_1.2.0.jar;C:\Users\Administrator\.p2\pool\plugins\org.apiguardian.api_1.1.2.jar;C:\Users\Administrator\.p2\pool\plugins\org.junit_4.13.2.v20211018-1956.jar;C:\Users\Administrator\.p2\pool\plugins\org.hamcrest.core_1.3.0.v20180420-1519.jar;C:\Users\Administrator\.m2\repository\org\mybatis\mybatis\3.5.9\mybatis-3.5.9.jar;C:\Users\Administrator\.m2\repository\org\apache\commons\commons-dbcp2\2.9.0\commons-dbcp2-2.9.0.jar;C:\Users\Administrator\.m2\repository\org\apache\commons\commons-pool2\2.10.0\commons-pool2-2.10.0.jar;C:\Users\Administrator\.m2\repository\commons-logging\commons-logging\1.2\commons-logging-1.2.jar;C:\Users\Administrator\.m2\repository\com\oracle\ojdbc7\12.1.0.2\ojdbc7-12.1.0.2.jar;C:\Users\Administrator\.m2\repository\org\projectlombok\lombok\1.18.12\lombok-1.18.12.jar
Launcher Type: SUN_STANDARD

[Global flags]
     intx CICompilerCount                          = 4                                         {product} {ergonomic}
     uint ConcGCThreads                            = 2                                         {product} {ergonomic}
     uint G1ConcRefinementThreads                  = 8                                         {product} {ergonomic}
   size_t G1HeapRegionSize                         = 1048576                                   {product} {ergonomic}
    uintx GCDrainStackTargetSize                   = 64                                        {product} {ergonomic}
   size_t InitialHeapSize                          = 268435456                                 {product} {ergonomic}
   size_t MarkStackSize                            = 4194304                                   {product} {ergonomic}
   size_t MaxHeapSize                              = 4284481536                                {product} {ergonomic}
   size_t MinHeapDeltaBytes                        = 1048576                                   {product} {ergonomic}
    uintx NonNMethodCodeHeapSize                   = 5836300                                {pd product} {ergonomic}
    uintx NonProfiledCodeHeapSize                  = 122910970                              {pd product} {ergonomic}
    uintx ProfiledCodeHeapSize                     = 122910970                              {pd product} {ergonomic}
    uintx ReservedCodeCacheSize                    = 251658240                              {pd product} {ergonomic}
     bool SegmentedCodeCache                       = true                                      {product} {ergonomic}
     bool UseCompressedClassPointers               = true                                 {lp64_product} {ergonomic}
     bool UseCompressedOops                        = true                                 {lp64_product} {ergonomic}
     bool UseG1GC                                  = true                                      {product} {ergonomic}
     bool UseLargePagesIndividualAllocation        = false                                  {pd product} {ergonomic}

Logging:
Log output configuration:
 #0: stdout all=warning uptime,level,tags
 #1: stderr all=off uptime,level,tags

Environment Variables:
JAVA_HOME=C:\Program Files\Eclipse Adoptium\jdk-11.0.18.10-hotspot\
PATH=C:/Users/Administrator/.p2/pool/plugins/org.eclipse.justj.openjdk.hotspot.jre.full.win32.x86_64_17.0.6.v20230125-1136/jre/bin/server;C:/Users/Administrator/.p2/pool/plugins/org.eclipse.justj.openjdk.hotspot.jre.full.win32.x86_64_17.0.6.v20230125-1136/jre/bin;C:\Program Files\Eclipse Adoptium\jdk-11.0.18.10-hotspot\bin;C:\Program Files (x86)\Common Files\Oracle\Java\javapath;C:\Windows\system32;C:\Windows;C:\Windows\System32\Wbem;C:\Windows\System32\WindowsPowerShell\v1.0\;C:\Windows\System32\OpenSSH\;C:\Program Files\Bandizip\;C:\Program Files (x86)\NVIDIA Corporation\PhysX\Common;C:\Users\Administrator\AppData\Local\Microsoft\WindowsApps;C:\Users\Administrator\AppData\Local\GitHubDesktop\bin;C:\Users\Administrator\AppData\Local\Programs\Microsoft VS Code\bin;C:\Users\Administrator\Desktop;
USERNAME=PKNU
OS=Windows_NT
PROCESSOR_IDENTIFIER=Intel64 Family 6 Model 94 Stepping 3, GenuineIntel
TMP=C:\Users\ADMINI~1\AppData\Local\Temp
TEMP=C:\Users\ADMINI~1\AppData\Local\Temp



---------------  S Y S T E M  ---------------

OS: Windows 11 , 64 bit Build 22000 (10.0.22000.1516)
OS uptime: 0 days 4:52 hours

CPU:total 8 (initial active 8) (4 cores per cpu, 2 threads per core) family 6 model 94 stepping 3 microcode 0xd6, cmov, cx8, fxsr, mmx, sse, sse2, sse3, ssse3, sse4.1, sse4.2, popcnt, avx, avx2, aes, clmul, erms, rtm, 3dnowpref, lzcnt, ht, tsc, tscinvbit, bmi1, bmi2, adx, fma

Memory: 4k page, system-wide physical 16342M (1809M free)
TotalPageFile size 44457M (AvailPageFile size 32M)
current process WorkingSet (physical memory assigned to process): 10M, peak: 10M
current process commit charge ("private bytes"): 60M, peak: 316M

vm_info: OpenJDK 64-Bit Server VM (11.0.18+10) for windows-amd64 JRE (11.0.18+10), built on Jan 18 2023 04:27:27 by "" with MS VC++ 16.7 (VS2019)

END.
